2025-11-08 19:36:34,931 - INFO - [MANIFEST] Supreme System V5 manifest created
2025-11-08 19:36:34,935 - INFO - [VALIDATION] VALIDATING SYSTEM COMPONENTS...
2025-11-08 19:36:34,935 - INFO -    [PRESENT] continuous_testing_system.py: Core testing engine
2025-11-08 19:36:34,939 - INFO -    [PRESENT] monitoring_dashboard.py: Real-time monitoring
2025-11-08 19:36:34,941 - INFO -    [PRESENT] deployment_manager.py: Deployment management
2025-11-08 19:36:34,946 - INFO -    [PRESENT] reports/continuous_testing_final_report.json: Testing results
2025-11-08 19:36:34,952 - INFO -    [PRESENT] monitoring/dashboards/current_dashboard.json: Monitoring data
2025-11-08 19:36:34,953 - INFO -    [DIR] Directory: logs/
2025-11-08 19:36:34,953 - INFO -    [DIR] Directory: reports/
2025-11-08 19:36:34,954 - INFO -    [DIR] Directory: monitoring/
2025-11-08 19:36:34,954 - INFO -    [DIR] Directory: deployment/
2025-11-08 19:36:34,954 - INFO -    [DIR] Directory: orchestrator/
2025-11-08 19:36:34,955 - INFO -    [DIR] Directory: data/
2025-11-08 19:36:34,955 - INFO - [READY] SYSTEM INTEGRATION: READY
2025-11-08 19:36:49,664 - INFO - [MANIFEST] Supreme System V5 manifest created
2025-11-08 19:36:49,664 - INFO - [VALIDATION] VALIDATING SYSTEM COMPONENTS...
2025-11-08 19:36:49,664 - INFO -    [PRESENT] continuous_testing_system.py: Core testing engine
2025-11-08 19:36:49,664 - INFO -    [PRESENT] monitoring_dashboard.py: Real-time monitoring
2025-11-08 19:36:49,664 - INFO -    [PRESENT] deployment_manager.py: Deployment management
2025-11-08 19:36:49,664 - INFO -    [PRESENT] reports/continuous_testing_final_report.json: Testing results
2025-11-08 19:36:49,678 - INFO -    [PRESENT] monitoring/dashboards/current_dashboard.json: Monitoring data
2025-11-08 19:36:49,680 - INFO -    [DIR] Directory: logs/
2025-11-08 19:36:49,682 - INFO -    [DIR] Directory: reports/
2025-11-08 19:36:49,682 - INFO -    [DIR] Directory: monitoring/
2025-11-08 19:36:49,682 - INFO -    [DIR] Directory: deployment/
2025-11-08 19:36:49,682 - INFO -    [DIR] Directory: orchestrator/
2025-11-08 19:36:49,682 - INFO -    [DIR] Directory: data/
2025-11-08 19:36:49,682 - INFO - [READY] SYSTEM INTEGRATION: READY
2025-11-08 19:36:49,766 - INFO - [REPORT] GENERATING FINAL SYSTEM REPORT...
2025-11-08 19:36:49,769 - INFO - [SAVE] Final system report saved: orchestrator/reports/supreme_system_v5_final_report.json
