2025-11-08 19:28:34,146 - INFO - [SAFETY] RUNNING DEPLOYMENT SAFETY CHECKS...
2025-11-08 19:28:34,146 - INFO -    [PASS] system_health: System health score 76/100 meets deployment threshold
2025-11-08 19:28:34,146 - INFO -    [FAIL] testing_completion: Testing phase not completed or not ready for deployment
2025-11-08 19:28:34,146 - INFO -    [PASS] security_validation: Security health 100.0/100 meets deployment threshold
2025-11-08 19:28:34,146 - INFO -    [PASS] performance_consistency: Average ROI 1.05% is positive
2025-11-08 19:28:34,146 - INFO -    [PASS] infrastructure_ready: All required infrastructure directories exist
2025-11-08 19:28:34,146 - INFO -    [PASS] file_integrity: All required files are present
2025-11-08 19:28:34,146 - INFO - [SAFETY] SAFETY CHECKS: PASS (MEDIUM confidence)
2025-11-08 19:28:34,146 - INFO - [PLAN] CREATING DEPLOYMENT PLAN...
2025-11-08 19:28:34,146 - INFO - [OK] Deployment plan created successfully
2025-11-08 19:28:34,146 - INFO - [LAUNCH] STARTING DEPLOYMENT EXECUTION...
2025-11-08 19:28:34,146 - INFO - [BACKUP] CREATING SYSTEM BACKUP...
2025-11-08 19:28:34,476 - INFO -    [BACKUP] Backed up: config
2025-11-08 19:28:34,539 - INFO -    [BACKUP] Backed up: logs
2025-11-08 19:28:34,576 - INFO -    [BACKUP] Backed up: reports
2025-11-08 19:28:34,610 - INFO -    [BACKUP] Backed up: monitoring
2025-11-08 19:28:34,714 - INFO -    [BACKUP] Backed up: data
2025-11-08 19:28:34,718 - INFO -    [BACKUP] Backed up: continuous_testing_system.py
2025-11-08 19:28:34,728 - INFO -    [BACKUP] Backed up: monitoring_dashboard.py
2025-11-08 19:28:34,733 - INFO -    [BACKUP] Backed up: deployment_manager.py
2025-11-08 19:28:34,740 - INFO - [OK] System backup created: backup_20251108_192834
2025-11-08 19:28:34,741 - INFO - [LAUNCH] EXECUTING PHASE: PRE_DEPLOYMENT_BACKUP
2025-11-08 19:28:34,742 - INFO -    [EXECUTE] Backup all configuration files
2025-11-08 19:28:35,245 - INFO -    [EXECUTE] Backup trading strategies
2025-11-08 19:28:35,788 - INFO -    [EXECUTE] Backup security settings
2025-11-08 19:28:36,316 - INFO -    [EXECUTE] Create system snapshot
2025-11-08 19:28:36,819 - INFO -    [PASS] Phase PRE_DEPLOYMENT_BACKUP: COMPLETED
2025-11-08 19:28:36,820 - INFO - [LAUNCH] EXECUTING PHASE: EXCHANGE_INTEGRATION
2025-11-08 19:28:36,822 - INFO -    [EXECUTE] Setup Binance API integration
2025-11-08 19:28:37,323 - INFO -    [FAIL] Phase EXCHANGE_INTEGRATION: FAILED
2025-11-08 19:28:37,323 - INFO - [FAIL] DEPLOYMENT FAILED
2025-11-08 19:28:37,323 - INFO - [ROLLBACK] INITIATING DEPLOYMENT ROLLBACK...
2025-11-08 19:28:37,323 - INFO -    [CLOSE] Closing open positions...
2025-11-08 19:28:39,325 - INFO -    [DISABLE] Disabling trading strategies...
2025-11-08 19:28:40,326 - INFO -    [RESTORE] Restoring from backup: backup_20251108_192834
2025-11-08 19:28:43,327 - INFO - [OK] Rollback completed successfully
