2025-11-09 15:49:53,960 - PaperTrading - INFO - ============================================================
2025-11-09 15:49:54,241 - PaperTrading - INFO - ============================================================
2025-11-09 15:49:54,242 - PaperTrading - INFO - Duration: 1 hours
2025-11-09 15:49:54,243 - PaperTrading - INFO - Start Time: 2025-11-09 15:49:53.934087
2025-11-09 15:49:54,244 - PaperTrading - INFO - End Time: 2025-11-09 16:49:53.934087
2025-11-09 15:49:54,245 - PaperTrading - INFO - Initial Capital: $10,000.00
2025-11-09 15:49:54,246 - PaperTrading - INFO - ============================================================
2025-11-09 15:55:52,647 - PaperTrading - INFO - Received signal 2, initiating graceful shutdown...
2025-11-09 15:55:53,019 - PaperTrading - INFO - ============================================================
2025-11-09 15:55:53,030 - PaperTrading - INFO - ============================================================
2025-11-09 15:55:53,072 - PaperTrading - INFO - Duration: 0:05:59.096456
2025-11-09 15:55:53,075 - PaperTrading - INFO - Start: 2025-11-09 15:49:53.934087
2025-11-09 15:55:53,075 - PaperTrading - INFO - End: 2025-11-09 15:55:53.030543
2025-11-09 15:55:53,076 - PaperTrading - INFO - 
2025-11-09 15:55:53,076 - PaperTrading - INFO - PERFORMANCE:
2025-11-09 15:55:53,076 - PaperTrading - INFO - Initial Capital: $10,000.00
2025-11-09 15:55:53,077 - PaperTrading - INFO - Final Value: $10,000.00
2025-11-09 15:55:53,077 - PaperTrading - INFO - Total P&L: $+0.00
2025-11-09 15:55:53,077 - PaperTrading - INFO - Total Return: +0.0%
2025-11-09 15:55:53,077 - PaperTrading - INFO - 
2025-11-09 15:55:53,078 - PaperTrading - INFO - TRADING STATISTICS:
2025-11-09 15:55:53,078 - PaperTrading - INFO - Total Trades: 0
2025-11-09 15:55:53,078 - PaperTrading - INFO - Winning Trades: 0
2025-11-09 15:55:53,079 - PaperTrading - INFO - Win Rate: 0.0%
2025-11-09 15:55:53,079 - PaperTrading - INFO - 
2025-11-09 15:55:53,079 - PaperTrading - INFO - RISK METRICS:
2025-11-09 15:55:53,079 - PaperTrading - INFO - Volatility: 0.0%
2025-11-09 15:55:53,080 - PaperTrading - INFO - Sharpe Ratio: 0.00
2025-11-09 15:55:53,080 - PaperTrading - INFO - Max Drawdown: 0.0%
2025-11-09 15:55:53,080 - PaperTrading - INFO - 
2025-11-09 15:55:53,080 - PaperTrading - INFO - STRATEGY PERFORMANCE:
2025-11-09 15:55:53,108 - PaperTrading - INFO - 
2025-11-09 15:55:53,117 - PaperTrading - INFO - ============================================================
2025-11-09 15:55:53,126 - PaperTrading - INFO - ============================================================
