2025-11-10 13:54:26,268 - INFO - ============================================================
2025-11-10 13:54:26,268 - INFO - SUPREME SYSTEM V5 - SIMPLE PAPER TRADING
2025-11-10 13:54:26,268 - INFO - ============================================================
2025-11-10 13:54:26,269 - INFO - Duration: 1 hours
2025-11-10 13:54:26,271 - INFO - Start Time: 2025-11-10 13:54:26.266150
2025-11-10 13:54:26,271 - INFO - End Time: 2025-11-10 14:54:26.266150
2025-11-10 13:54:26,273 - INFO - Initial Capital: $10,000.00
2025-11-10 13:54:26,273 - INFO - Strategies: Moving Average, Mean Reversion, Momentum, Breakout
2025-11-10 13:54:26,276 - INFO - ============================================================
2025-11-10 13:54:26,276 - INFO - Starting trading loop...
2025-11-10 13:55:00,292 - INFO - STATUS: $10,000.00 | P&L: $+0.00 (+0.0%) | Positions: 0 | Trades: 0 | .1f
2025-11-10 13:55:02,294 - INFO - STATUS: $10,000.00 | P&L: $+0.00 (+0.0%) | Positions: 0 | Trades: 0 | .1f
2025-11-10 13:55:04,300 - WARNING - Error generating signal for Mean Reversion on ETHUSDT: The truth value of a DataFrame is ambiguous. Use a.empty, a.bool(), a.item(), a.any() or a.all().
2025-11-10 13:55:04,321 - WARNING - Error generating signal for Mean Reversion on LINKUSDT: The truth value of a DataFrame is ambiguous. Use a.empty, a.bool(), a.item(), a.any() or a.all().
2025-11-10 13:55:04,321 - INFO - STATUS: $10,000.00 | P&L: $+0.00 (+0.0%) | Positions: 0 | Trades: 0 | .1f
2025-11-10 13:55:06,327 - WARNING - Error generating signal for Mean Reversion on BTCUSDT: The truth value of a DataFrame is ambiguous. Use a.empty, a.bool(), a.item(), a.any() or a.all().
2025-11-10 13:55:06,333 - WARNING - Error generating signal for Mean Reversion on ETHUSDT: The truth value of a DataFrame is ambiguous. Use a.empty, a.bool(), a.item(), a.any() or a.all().
2025-11-10 13:55:06,348 - WARNING - Error generating signal for Mean Reversion on LINKUSDT: The truth value of a DataFrame is ambiguous. Use a.empty, a.bool(), a.item(), a.any() or a.all().
2025-11-10 13:55:08,357 - WARNING - Error generating signal for Mean Reversion on BTCUSDT: The truth value of a DataFrame is ambiguous. Use a.empty, a.bool(), a.item(), a.any() or a.all().
2025-11-10 13:55:08,361 - WARNING - Error generating signal for Mean Reversion on ETHUSDT: The truth value of a DataFrame is ambiguous. Use a.empty, a.bool(), a.item(), a.any() or a.all().
2025-11-10 13:55:10,397 - WARNING - Error generating signal for Mean Reversion on LINKUSDT: The truth value of a DataFrame is ambiguous. Use a.empty, a.bool(), a.item(), a.any() or a.all().
2025-11-10 13:55:12,418 - WARNING - Error generating signal for Mean Reversion on LINKUSDT: The truth value of a DataFrame is ambiguous. Use a.empty, a.bool(), a.item(), a.any() or a.all().
2025-11-10 13:55:14,432 - WARNING - Error generating signal for Mean Reversion on BTCUSDT: The truth value of a DataFrame is ambiguous. Use a.empty, a.bool(), a.item(), a.any() or a.all().
2025-11-10 13:55:28,582 - WARNING - Error generating signal for Moving Average on ADAUSDT: The truth value of a DataFrame is ambiguous. Use a.empty, a.bool(), a.item(), a.any() or a.all().
2025-11-10 13:55:30,615 - WARNING - Error generating signal for Moving Average on DOTUSDT: The truth value of a DataFrame is ambiguous. Use a.empty, a.bool(), a.item(), a.any() or a.all().
2025-11-10 13:55:32,632 - WARNING - Error generating signal for Mean Reversion on DOTUSDT: The truth value of a DataFrame is ambiguous. Use a.empty, a.bool(), a.item(), a.any() or a.all().
2025-11-10 13:55:34,681 - WARNING - Error generating signal for Momentum on DOTUSDT: The truth value of a DataFrame is ambiguous. Use a.empty, a.bool(), a.item(), a.any() or a.all().
2025-11-10 13:55:36,715 - WARNING - Error generating signal for Momentum on DOTUSDT: The truth value of a DataFrame is ambiguous. Use a.empty, a.bool(), a.item(), a.any() or a.all().
2025-11-10 13:55:38,733 - WARNING - Error generating signal for Mean Reversion on BTCUSDT: The truth value of a DataFrame is ambiguous. Use a.empty, a.bool(), a.item(), a.any() or a.all().
2025-11-10 13:55:38,755 - WARNING - Error generating signal for Momentum on DOTUSDT: The truth value of a DataFrame is ambiguous. Use a.empty, a.bool(), a.item(), a.any() or a.all().
2025-11-10 13:55:40,770 - WARNING - Error generating signal for Mean Reversion on BTCUSDT: The truth value of a DataFrame is ambiguous. Use a.empty, a.bool(), a.item(), a.any() or a.all().
2025-11-10 13:55:40,779 - WARNING - Error generating signal for Moving Average on ETHUSDT: The truth value of a DataFrame is ambiguous. Use a.empty, a.bool(), a.item(), a.any() or a.all().
2025-11-10 13:55:42,812 - WARNING - Error generating signal for Mean Reversion on BTCUSDT: The truth value of a DataFrame is ambiguous. Use a.empty, a.bool(), a.item(), a.any() or a.all().
2025-11-10 13:55:42,812 - WARNING - Error generating signal for Momentum on BTCUSDT: The truth value of a DataFrame is ambiguous. Use a.empty, a.bool(), a.item(), a.any() or a.all().
2025-11-10 13:55:42,822 - WARNING - Error generating signal for Moving Average on ETHUSDT: The truth value of a DataFrame is ambiguous. Use a.empty, a.bool(), a.item(), a.any() or a.all().
2025-11-10 13:55:42,825 - WARNING - Error generating signal for Mean Reversion on ETHUSDT: The truth value of a DataFrame is ambiguous. Use a.empty, a.bool(), a.item(), a.any() or a.all().
2025-11-10 13:55:42,832 - WARNING - Error generating signal for Momentum on ETHUSDT: The truth value of a DataFrame is ambiguous. Use a.empty, a.bool(), a.item(), a.any() or a.all().
2025-11-10 13:55:42,856 - WARNING - Error generating signal for Momentum on DOTUSDT: The truth value of a DataFrame is ambiguous. Use a.empty, a.bool(), a.item(), a.any() or a.all().
2025-11-10 13:55:42,873 - WARNING - Error generating signal for Momentum on LINKUSDT: The truth value of a DataFrame is ambiguous. Use a.empty, a.bool(), a.item(), a.any() or a.all().
2025-11-10 13:55:44,879 - WARNING - Error generating signal for Momentum on BTCUSDT: The truth value of a DataFrame is ambiguous. Use a.empty, a.bool(), a.item(), a.any() or a.all().
2025-11-10 13:55:44,879 - WARNING - Error generating signal for Mean Reversion on ETHUSDT: The truth value of a DataFrame is ambiguous. Use a.empty, a.bool(), a.item(), a.any() or a.all().
2025-11-10 13:55:44,896 - WARNING - Error generating signal for Moving Average on ADAUSDT: The truth value of a DataFrame is ambiguous. Use a.empty, a.bool(), a.item(), a.any() or a.all().
2025-11-10 13:55:44,907 - WARNING - Error generating signal for Momentum on DOTUSDT: The truth value of a DataFrame is ambiguous. Use a.empty, a.bool(), a.item(), a.any() or a.all().
2025-11-10 13:55:46,933 - WARNING - Error generating signal for Momentum on BTCUSDT: The truth value of a DataFrame is ambiguous. Use a.empty, a.bool(), a.item(), a.any() or a.all().
2025-11-10 13:55:46,953 - WARNING - Error generating signal for Momentum on DOTUSDT: The truth value of a DataFrame is ambiguous. Use a.empty, a.bool(), a.item(), a.any() or a.all().
2025-11-10 13:55:48,959 - WARNING - Error generating signal for Momentum on BTCUSDT: The truth value of a DataFrame is ambiguous. Use a.empty, a.bool(), a.item(), a.any() or a.all().
2025-11-10 13:55:51,029 - WARNING - Error generating signal for Momentum on LINKUSDT: The truth value of a DataFrame is ambiguous. Use a.empty, a.bool(), a.item(), a.any() or a.all().
2025-11-10 13:55:53,058 - WARNING - Error generating signal for Momentum on LINKUSDT: The truth value of a DataFrame is ambiguous. Use a.empty, a.bool(), a.item(), a.any() or a.all().
2025-11-10 13:55:57,093 - WARNING - Error generating signal for Moving Average on ADAUSDT: The truth value of a DataFrame is ambiguous. Use a.empty, a.bool(), a.item(), a.any() or a.all().
2025-11-10 13:56:01,154 - WARNING - Error generating signal for Moving Average on BTCUSDT: The truth value of a DataFrame is ambiguous. Use a.empty, a.bool(), a.item(), a.any() or a.all().
2025-11-10 13:56:01,159 - WARNING - Error generating signal for Momentum on ADAUSDT: The truth value of a DataFrame is ambiguous. Use a.empty, a.bool(), a.item(), a.any() or a.all().
2025-11-10 13:56:01,189 - INFO - STATUS: $10,000.00 | P&L: $+0.00 (+0.0%) | Positions: 0 | Trades: 0 | .1f
2025-11-10 13:56:03,191 - WARNING - Error generating signal for Mean Reversion on ETHUSDT: The truth value of a DataFrame is ambiguous. Use a.empty, a.bool(), a.item(), a.any() or a.all().
2025-11-10 13:56:03,216 - WARNING - Error generating signal for Momentum on ADAUSDT: The truth value of a DataFrame is ambiguous. Use a.empty, a.bool(), a.item(), a.any() or a.all().
2025-11-10 13:56:03,234 - INFO - STATUS: $10,000.00 | P&L: $+0.00 (+0.0%) | Positions: 0 | Trades: 0 | .1f
2025-11-10 13:56:05,242 - WARNING - Error generating signal for Mean Reversion on ETHUSDT: The truth value of a DataFrame is ambiguous. Use a.empty, a.bool(), a.item(), a.any() or a.all().
2025-11-10 13:56:05,242 - WARNING - Error generating signal for Momentum on ADAUSDT: The truth value of a DataFrame is ambiguous. Use a.empty, a.bool(), a.item(), a.any() or a.all().
2025-11-10 13:56:05,263 - WARNING - Error generating signal for Moving Average on DOTUSDT: The truth value of a DataFrame is ambiguous. Use a.empty, a.bool(), a.item(), a.any() or a.all().
2025-11-10 13:56:05,267 - WARNING - Error generating signal for Mean Reversion on DOTUSDT: The truth value of a DataFrame is ambiguous. Use a.empty, a.bool(), a.item(), a.any() or a.all().
2025-11-10 13:56:09,325 - WARNING - Error generating signal for Momentum on BTCUSDT: The truth value of a DataFrame is ambiguous. Use a.empty, a.bool(), a.item(), a.any() or a.all().
2025-11-10 13:56:09,338 - WARNING - Error generating signal for Momentum on ADAUSDT: The truth value of a DataFrame is ambiguous. Use a.empty, a.bool(), a.item(), a.any() or a.all().
2025-11-10 13:56:09,350 - WARNING - Error generating signal for Mean Reversion on DOTUSDT: The truth value of a DataFrame is ambiguous. Use a.empty, a.bool(), a.item(), a.any() or a.all().
2025-11-10 13:56:09,351 - WARNING - Error generating signal for Momentum on DOTUSDT: The truth value of a DataFrame is ambiguous. Use a.empty, a.bool(), a.item(), a.any() or a.all().
2025-11-10 13:56:09,368 - WARNING - Error generating signal for Moving Average on LINKUSDT: The truth value of a DataFrame is ambiguous. Use a.empty, a.bool(), a.item(), a.any() or a.all().
2025-11-10 13:56:11,414 - WARNING - Error generating signal for Momentum on DOTUSDT: The truth value of a DataFrame is ambiguous. Use a.empty, a.bool(), a.item(), a.any() or a.all().
2025-11-10 13:56:11,419 - WARNING - Error generating signal for Momentum on LINKUSDT: The truth value of a DataFrame is ambiguous. Use a.empty, a.bool(), a.item(), a.any() or a.all().
2025-11-10 13:56:13,443 - WARNING - Error generating signal for Momentum on DOTUSDT: The truth value of a DataFrame is ambiguous. Use a.empty, a.bool(), a.item(), a.any() or a.all().
2025-11-10 13:56:17,503 - WARNING - Error generating signal for Momentum on ADAUSDT: The truth value of a DataFrame is ambiguous. Use a.empty, a.bool(), a.item(), a.any() or a.all().
2025-11-10 13:56:19,543 - WARNING - Error generating signal for Momentum on LINKUSDT: The truth value of a DataFrame is ambiguous. Use a.empty, a.bool(), a.item(), a.any() or a.all().
2025-11-10 13:56:27,651 - WARNING - Error generating signal for Momentum on DOTUSDT: The truth value of a DataFrame is ambiguous. Use a.empty, a.bool(), a.item(), a.any() or a.all().
2025-11-10 13:56:31,694 - WARNING - Error generating signal for Mean Reversion on ETHUSDT: The truth value of a DataFrame is ambiguous. Use a.empty, a.bool(), a.item(), a.any() or a.all().
2025-11-10 13:56:31,703 - WARNING - Error generating signal for Momentum on ETHUSDT: The truth value of a DataFrame is ambiguous. Use a.empty, a.bool(), a.item(), a.any() or a.all().
2025-11-10 13:56:31,705 - WARNING - Error generating signal for Moving Average on ADAUSDT: The truth value of a DataFrame is ambiguous. Use a.empty, a.bool(), a.item(), a.any() or a.all().
2025-11-10 13:56:31,718 - WARNING - Error generating signal for Momentum on DOTUSDT: The truth value of a DataFrame is ambiguous. Use a.empty, a.bool(), a.item(), a.any() or a.all().
2025-11-10 13:56:33,738 - WARNING - Error generating signal for Momentum on ETHUSDT: The truth value of a DataFrame is ambiguous. Use a.empty, a.bool(), a.item(), a.any() or a.all().
2025-11-10 13:56:33,752 - WARNING - Error generating signal for Momentum on ADAUSDT: The truth value of a DataFrame is ambiguous. Use a.empty, a.bool(), a.item(), a.any() or a.all().
2025-11-10 13:56:33,763 - WARNING - Error generating signal for Momentum on DOTUSDT: The truth value of a DataFrame is ambiguous. Use a.empty, a.bool(), a.item(), a.any() or a.all().
2025-11-10 13:56:33,763 - WARNING - Error generating signal for Moving Average on LINKUSDT: The truth value of a DataFrame is ambiguous. Use a.empty, a.bool(), a.item(), a.any() or a.all().
2025-11-10 13:56:33,778 - WARNING - Error generating signal for Momentum on LINKUSDT: The truth value of a DataFrame is ambiguous. Use a.empty, a.bool(), a.item(), a.any() or a.all().
2025-11-10 13:56:35,789 - WARNING - Error generating signal for Mean Reversion on ADAUSDT: The truth value of a DataFrame is ambiguous. Use a.empty, a.bool(), a.item(), a.any() or a.all().
2025-11-10 13:56:35,799 - WARNING - Error generating signal for Mean Reversion on DOTUSDT: The truth value of a DataFrame is ambiguous. Use a.empty, a.bool(), a.item(), a.any() or a.all().
2025-11-10 13:56:35,808 - WARNING - Error generating signal for Momentum on DOTUSDT: The truth value of a DataFrame is ambiguous. Use a.empty, a.bool(), a.item(), a.any() or a.all().
2025-11-10 13:56:35,811 - WARNING - Error generating signal for Mean Reversion on LINKUSDT: The truth value of a DataFrame is ambiguous. Use a.empty, a.bool(), a.item(), a.any() or a.all().
2025-11-10 13:56:35,821 - WARNING - Error generating signal for Momentum on LINKUSDT: The truth value of a DataFrame is ambiguous. Use a.empty, a.bool(), a.item(), a.any() or a.all().
2025-11-10 13:56:37,826 - WARNING - Error generating signal for Momentum on ETHUSDT: The truth value of a DataFrame is ambiguous. Use a.empty, a.bool(), a.item(), a.any() or a.all().
2025-11-10 13:56:37,853 - WARNING - Error generating signal for Mean Reversion on LINKUSDT: The truth value of a DataFrame is ambiguous. Use a.empty, a.bool(), a.item(), a.any() or a.all().
2025-11-10 13:56:37,860 - WARNING - Error generating signal for Momentum on LINKUSDT: The truth value of a DataFrame is ambiguous. Use a.empty, a.bool(), a.item(), a.any() or a.all().
2025-11-10 13:56:39,863 - WARNING - Error generating signal for Moving Average on BTCUSDT: The truth value of a DataFrame is ambiguous. Use a.empty, a.bool(), a.item(), a.any() or a.all().
2025-11-10 13:56:39,869 - WARNING - Error generating signal for Momentum on ADAUSDT: The truth value of a DataFrame is ambiguous. Use a.empty, a.bool(), a.item(), a.any() or a.all().
2025-11-10 13:56:39,907 - WARNING - Error generating signal for Mean Reversion on LINKUSDT: The truth value of a DataFrame is ambiguous. Use a.empty, a.bool(), a.item(), a.any() or a.all().
2025-11-10 13:56:39,910 - WARNING - Error generating signal for Momentum on LINKUSDT: The truth value of a DataFrame is ambiguous. Use a.empty, a.bool(), a.item(), a.any() or a.all().
2025-11-10 13:56:41,938 - WARNING - Error generating signal for Mean Reversion on LINKUSDT: The truth value of a DataFrame is ambiguous. Use a.empty, a.bool(), a.item(), a.any() or a.all().
2025-11-10 13:56:41,946 - WARNING - Error generating signal for Momentum on LINKUSDT: The truth value of a DataFrame is ambiguous. Use a.empty, a.bool(), a.item(), a.any() or a.all().
2025-11-10 13:56:44,020 - WARNING - Error generating signal for Mean Reversion on LINKUSDT: The truth value of a DataFrame is ambiguous. Use a.empty, a.bool(), a.item(), a.any() or a.all().
2025-11-10 13:56:44,023 - WARNING - Error generating signal for Momentum on LINKUSDT: The truth value of a DataFrame is ambiguous. Use a.empty, a.bool(), a.item(), a.any() or a.all().
2025-11-10 13:56:46,050 - WARNING - Error generating signal for Momentum on DOTUSDT: The truth value of a DataFrame is ambiguous. Use a.empty, a.bool(), a.item(), a.any() or a.all().
2025-11-10 13:56:46,050 - WARNING - Error generating signal for Mean Reversion on LINKUSDT: The truth value of a DataFrame is ambiguous. Use a.empty, a.bool(), a.item(), a.any() or a.all().
2025-11-10 13:56:46,062 - WARNING - Error generating signal for Momentum on LINKUSDT: The truth value of a DataFrame is ambiguous. Use a.empty, a.bool(), a.item(), a.any() or a.all().
2025-11-10 13:56:48,064 - WARNING - Error generating signal for Moving Average on BTCUSDT: The truth value of a DataFrame is ambiguous. Use a.empty, a.bool(), a.item(), a.any() or a.all().
2025-11-10 13:56:48,082 - WARNING - Error generating signal for Momentum on ADAUSDT: The truth value of a DataFrame is ambiguous. Use a.empty, a.bool(), a.item(), a.any() or a.all().
2025-11-10 13:56:48,093 - WARNING - Error generating signal for Mean Reversion on DOTUSDT: The truth value of a DataFrame is ambiguous. Use a.empty, a.bool(), a.item(), a.any() or a.all().
2025-11-10 13:56:48,097 - WARNING - Error generating signal for Momentum on DOTUSDT: The truth value of a DataFrame is ambiguous. Use a.empty, a.bool(), a.item(), a.any() or a.all().
2025-11-10 13:56:50,145 - WARNING - Error generating signal for Momentum on DOTUSDT: The truth value of a DataFrame is ambiguous. Use a.empty, a.bool(), a.item(), a.any() or a.all().
2025-11-10 13:56:52,159 - WARNING - Error generating signal for Moving Average on BTCUSDT: The truth value of a DataFrame is ambiguous. Use a.empty, a.bool(), a.item(), a.any() or a.all().
2025-11-10 13:56:52,186 - WARNING - Error generating signal for Momentum on DOTUSDT: The truth value of a DataFrame is ambiguous. Use a.empty, a.bool(), a.item(), a.any() or a.all().
2025-11-10 13:56:54,201 - WARNING - Error generating signal for Mean Reversion on BTCUSDT: The truth value of a DataFrame is ambiguous. Use a.empty, a.bool(), a.item(), a.any() or a.all().
2025-11-10 13:56:54,225 - WARNING - Error generating signal for Momentum on DOTUSDT: The truth value of a DataFrame is ambiguous. Use a.empty, a.bool(), a.item(), a.any() or a.all().
2025-11-10 13:56:56,275 - WARNING - Error generating signal for Mean Reversion on BTCUSDT: The truth value of a DataFrame is ambiguous. Use a.empty, a.bool(), a.item(), a.any() or a.all().
2025-11-10 13:56:56,296 - WARNING - Error generating signal for Moving Average on ETHUSDT: The truth value of a DataFrame is ambiguous. Use a.empty, a.bool(), a.item(), a.any() or a.all().
2025-11-10 13:56:58,350 - WARNING - Error generating signal for Mean Reversion on BTCUSDT: The truth value of a DataFrame is ambiguous. Use a.empty, a.bool(), a.item(), a.any() or a.all().
2025-11-10 13:57:00,400 - INFO - STATUS: $10,000.00 | P&L: $+0.00 (+0.0%) | Positions: 0 | Trades: 0 | .1f
2025-11-10 13:57:02,437 - INFO - STATUS: $10,000.00 | P&L: $+0.00 (+0.0%) | Positions: 0 | Trades: 0 | .1f
2025-11-10 13:57:04,454 - WARNING - Error generating signal for Mean Reversion on ETHUSDT: The truth value of a DataFrame is ambiguous. Use a.empty, a.bool(), a.item(), a.any() or a.all().
2025-11-10 13:57:04,461 - WARNING - Error generating signal for Momentum on ETHUSDT: The truth value of a DataFrame is ambiguous. Use a.empty, a.bool(), a.item(), a.any() or a.all().
2025-11-10 13:57:04,461 - WARNING - Error generating signal for Moving Average on ADAUSDT: The truth value of a DataFrame is ambiguous. Use a.empty, a.bool(), a.item(), a.any() or a.all().
2025-11-10 13:57:04,493 - INFO - STATUS: $10,000.00 | P&L: $+0.00 (+0.0%) | Positions: 0 | Trades: 0 | .1f
2025-11-10 13:57:06,508 - WARNING - Error generating signal for Mean Reversion on ETHUSDT: The truth value of a DataFrame is ambiguous. Use a.empty, a.bool(), a.item(), a.any() or a.all().
2025-11-10 13:57:06,511 - WARNING - Error generating signal for Momentum on ETHUSDT: The truth value of a DataFrame is ambiguous. Use a.empty, a.bool(), a.item(), a.any() or a.all().
2025-11-10 13:57:08,550 - WARNING - Error generating signal for Moving Average on DOTUSDT: The truth value of a DataFrame is ambiguous. Use a.empty, a.bool(), a.item(), a.any() or a.all().
2025-11-10 13:57:08,550 - WARNING - Error generating signal for Moving Average on LINKUSDT: The truth value of a DataFrame is ambiguous. Use a.empty, a.bool(), a.item(), a.any() or a.all().
2025-11-10 13:57:10,567 - WARNING - Error generating signal for Momentum on ETHUSDT: The truth value of a DataFrame is ambiguous. Use a.empty, a.bool(), a.item(), a.any() or a.all().
2025-11-10 13:57:12,600 - WARNING - Error generating signal for Moving Average on BTCUSDT: The truth value of a DataFrame is ambiguous. Use a.empty, a.bool(), a.item(), a.any() or a.all().
2025-11-10 13:57:12,621 - WARNING - Error generating signal for Mean Reversion on DOTUSDT: The truth value of a DataFrame is ambiguous. Use a.empty, a.bool(), a.item(), a.any() or a.all().
2025-11-10 13:57:12,621 - WARNING - Error generating signal for Momentum on DOTUSDT: The truth value of a DataFrame is ambiguous. Use a.empty, a.bool(), a.item(), a.any() or a.all().
2025-11-10 13:57:14,644 - WARNING - Error generating signal for Momentum on ETHUSDT: The truth value of a DataFrame is ambiguous. Use a.empty, a.bool(), a.item(), a.any() or a.all().
2025-11-10 13:57:14,650 - WARNING - Error generating signal for Mean Reversion on DOTUSDT: The truth value of a DataFrame is ambiguous. Use a.empty, a.bool(), a.item(), a.any() or a.all().
2025-11-10 13:57:14,662 - WARNING - Error generating signal for Momentum on DOTUSDT: The truth value of a DataFrame is ambiguous. Use a.empty, a.bool(), a.item(), a.any() or a.all().
2025-11-10 13:57:14,669 - WARNING - Error generating signal for Mean Reversion on LINKUSDT: The truth value of a DataFrame is ambiguous. Use a.empty, a.bool(), a.item(), a.any() or a.all().
2025-11-10 13:57:14,677 - WARNING - Error generating signal for Momentum on LINKUSDT: The truth value of a DataFrame is ambiguous. Use a.empty, a.bool(), a.item(), a.any() or a.all().
2025-11-10 13:57:16,700 - WARNING - Error generating signal for Momentum on DOTUSDT: The truth value of a DataFrame is ambiguous. Use a.empty, a.bool(), a.item(), a.any() or a.all().
2025-11-10 13:57:18,710 - WARNING - Error generating signal for Moving Average on BTCUSDT: The truth value of a DataFrame is ambiguous. Use a.empty, a.bool(), a.item(), a.any() or a.all().
2025-11-10 13:57:18,720 - WARNING - Error generating signal for Mean Reversion on BTCUSDT: The truth value of a DataFrame is ambiguous. Use a.empty, a.bool(), a.item(), a.any() or a.all().
2025-11-10 13:57:18,753 - WARNING - Error generating signal for Mean Reversion on LINKUSDT: The truth value of a DataFrame is ambiguous. Use a.empty, a.bool(), a.item(), a.any() or a.all().
2025-11-10 13:57:18,760 - WARNING - Error generating signal for Momentum on LINKUSDT: The truth value of a DataFrame is ambiguous. Use a.empty, a.bool(), a.item(), a.any() or a.all().
2025-11-10 13:57:22,807 - WARNING - Error generating signal for Momentum on ETHUSDT: The truth value of a DataFrame is ambiguous. Use a.empty, a.bool(), a.item(), a.any() or a.all().
2025-11-10 13:57:22,811 - WARNING - Error generating signal for Moving Average on ADAUSDT: The truth value of a DataFrame is ambiguous. Use a.empty, a.bool(), a.item(), a.any() or a.all().
2025-11-10 13:57:22,811 - WARNING - Error generating signal for Mean Reversion on ADAUSDT: The truth value of a DataFrame is ambiguous. Use a.empty, a.bool(), a.item(), a.any() or a.all().
2025-11-10 13:57:28,900 - WARNING - Error generating signal for Mean Reversion on ADAUSDT: The truth value of a DataFrame is ambiguous. Use a.empty, a.bool(), a.item(), a.any() or a.all().
2025-11-10 13:57:28,909 - WARNING - Error generating signal for Momentum on ADAUSDT: The truth value of a DataFrame is ambiguous. Use a.empty, a.bool(), a.item(), a.any() or a.all().
2025-11-10 13:57:28,919 - WARNING - Error generating signal for Moving Average on DOTUSDT: The truth value of a DataFrame is ambiguous. Use a.empty, a.bool(), a.item(), a.any() or a.all().
2025-11-10 13:57:30,981 - WARNING - Error generating signal for Moving Average on LINKUSDT: The truth value of a DataFrame is ambiguous. Use a.empty, a.bool(), a.item(), a.any() or a.all().
2025-11-10 13:57:37,056 - WARNING - Error generating signal for Moving Average on ETHUSDT: The truth value of a DataFrame is ambiguous. Use a.empty, a.bool(), a.item(), a.any() or a.all().
2025-11-10 13:57:39,138 - WARNING - Error generating signal for Moving Average on BTCUSDT: The truth value of a DataFrame is ambiguous. Use a.empty, a.bool(), a.item(), a.any() or a.all().
2025-11-10 13:57:39,275 - WARNING - Error generating signal for Mean Reversion on ETHUSDT: The truth value of a DataFrame is ambiguous. Use a.empty, a.bool(), a.item(), a.any() or a.all().
2025-11-10 13:57:39,377 - WARNING - Error generating signal for Moving Average on DOTUSDT: The truth value of a DataFrame is ambiguous. Use a.empty, a.bool(), a.item(), a.any() or a.all().
2025-11-10 13:57:41,463 - WARNING - Error generating signal for Mean Reversion on ETHUSDT: The truth value of a DataFrame is ambiguous. Use a.empty, a.bool(), a.item(), a.any() or a.all().
2025-11-10 13:57:41,485 - WARNING - Error generating signal for Mean Reversion on LINKUSDT: The truth value of a DataFrame is ambiguous. Use a.empty, a.bool(), a.item(), a.any() or a.all().
2025-11-10 13:57:41,487 - WARNING - Error generating signal for Momentum on LINKUSDT: The truth value of a DataFrame is ambiguous. Use a.empty, a.bool(), a.item(), a.any() or a.all().
2025-11-10 13:57:43,496 - WARNING - Error generating signal for Mean Reversion on BTCUSDT: The truth value of a DataFrame is ambiguous. Use a.empty, a.bool(), a.item(), a.any() or a.all().
2025-11-10 13:57:43,498 - WARNING - Error generating signal for Mean Reversion on ETHUSDT: The truth value of a DataFrame is ambiguous. Use a.empty, a.bool(), a.item(), a.any() or a.all().
2025-11-10 13:57:43,506 - WARNING - Error generating signal for Momentum on ETHUSDT: The truth value of a DataFrame is ambiguous. Use a.empty, a.bool(), a.item(), a.any() or a.all().
2025-11-10 13:57:43,535 - WARNING - Error generating signal for Momentum on LINKUSDT: The truth value of a DataFrame is ambiguous. Use a.empty, a.bool(), a.item(), a.any() or a.all().
2025-11-10 13:57:45,553 - WARNING - Error generating signal for Mean Reversion on ETHUSDT: The truth value of a DataFrame is ambiguous. Use a.empty, a.bool(), a.item(), a.any() or a.all().
2025-11-10 13:57:45,553 - WARNING - Error generating signal for Momentum on ETHUSDT: The truth value of a DataFrame is ambiguous. Use a.empty, a.bool(), a.item(), a.any() or a.all().
2025-11-10 13:57:45,560 - WARNING - Error generating signal for Mean Reversion on ADAUSDT: The truth value of a DataFrame is ambiguous. Use a.empty, a.bool(), a.item(), a.any() or a.all().
2025-11-10 13:57:45,568 - WARNING - Error generating signal for Momentum on ADAUSDT: The truth value of a DataFrame is ambiguous. Use a.empty, a.bool(), a.item(), a.any() or a.all().
2025-11-10 13:57:45,586 - WARNING - Error generating signal for Momentum on LINKUSDT: The truth value of a DataFrame is ambiguous. Use a.empty, a.bool(), a.item(), a.any() or a.all().
2025-11-10 13:57:47,603 - WARNING - Error generating signal for Mean Reversion on ETHUSDT: The truth value of a DataFrame is ambiguous. Use a.empty, a.bool(), a.item(), a.any() or a.all().
2025-11-10 13:57:47,605 - WARNING - Error generating signal for Momentum on ETHUSDT: The truth value of a DataFrame is ambiguous. Use a.empty, a.bool(), a.item(), a.any() or a.all().
2025-11-10 13:57:47,614 - WARNING - Error generating signal for Mean Reversion on ADAUSDT: The truth value of a DataFrame is ambiguous. Use a.empty, a.bool(), a.item(), a.any() or a.all().
2025-11-10 13:57:47,622 - WARNING - Error generating signal for Momentum on ADAUSDT: The truth value of a DataFrame is ambiguous. Use a.empty, a.bool(), a.item(), a.any() or a.all().
2025-11-10 13:57:47,655 - WARNING - Error generating signal for Momentum on LINKUSDT: The truth value of a DataFrame is ambiguous. Use a.empty, a.bool(), a.item(), a.any() or a.all().
2025-11-10 13:57:49,686 - WARNING - Error generating signal for Mean Reversion on ETHUSDT: The truth value of a DataFrame is ambiguous. Use a.empty, a.bool(), a.item(), a.any() or a.all().
2025-11-10 13:57:49,700 - WARNING - Error generating signal for Momentum on ETHUSDT: The truth value of a DataFrame is ambiguous. Use a.empty, a.bool(), a.item(), a.any() or a.all().
2025-11-10 13:57:49,739 - WARNING - Error generating signal for Mean Reversion on ADAUSDT: The truth value of a DataFrame is ambiguous. Use a.empty, a.bool(), a.item(), a.any() or a.all().
2025-11-10 13:57:49,756 - WARNING - Error generating signal for Momentum on ADAUSDT: The truth value of a DataFrame is ambiguous. Use a.empty, a.bool(), a.item(), a.any() or a.all().
2025-11-10 13:57:49,787 - WARNING - Error generating signal for Momentum on DOTUSDT: The truth value of a DataFrame is ambiguous. Use a.empty, a.bool(), a.item(), a.any() or a.all().
2025-11-10 13:57:51,858 - WARNING - Error generating signal for Momentum on ADAUSDT: The truth value of a DataFrame is ambiguous. Use a.empty, a.bool(), a.item(), a.any() or a.all().
2025-11-10 13:57:51,873 - WARNING - Error generating signal for Momentum on LINKUSDT: The truth value of a DataFrame is ambiguous. Use a.empty, a.bool(), a.item(), a.any() or a.all().
2025-11-10 13:57:57,967 - WARNING - Error generating signal for Momentum on LINKUSDT: The truth value of a DataFrame is ambiguous. Use a.empty, a.bool(), a.item(), a.any() or a.all().
2025-11-10 13:57:59,996 - WARNING - Error generating signal for Momentum on ADAUSDT: The truth value of a DataFrame is ambiguous. Use a.empty, a.bool(), a.item(), a.any() or a.all().
2025-11-10 13:58:00,016 - WARNING - Error generating signal for Momentum on LINKUSDT: The truth value of a DataFrame is ambiguous. Use a.empty, a.bool(), a.item(), a.any() or a.all().
2025-11-10 13:58:00,022 - INFO - STATUS: $10,000.00 | P&L: $+0.00 (+0.0%) | Positions: 0 | Trades: 0 | .1f
2025-11-10 13:58:02,048 - WARNING - Error generating signal for Momentum on ADAUSDT: The truth value of a DataFrame is ambiguous. Use a.empty, a.bool(), a.item(), a.any() or a.all().
2025-11-10 13:58:02,066 - WARNING - Error generating signal for Momentum on LINKUSDT: The truth value of a DataFrame is ambiguous. Use a.empty, a.bool(), a.item(), a.any() or a.all().
2025-11-10 13:58:02,068 - INFO - STATUS: $10,000.00 | P&L: $+0.00 (+0.0%) | Positions: 0 | Trades: 0 | .1f
2025-11-10 13:58:04,077 - WARNING - Error generating signal for Momentum on ADAUSDT: The truth value of a DataFrame is ambiguous. Use a.empty, a.bool(), a.item(), a.any() or a.all().
2025-11-10 13:58:04,093 - WARNING - Error generating signal for Momentum on DOTUSDT: The truth value of a DataFrame is ambiguous. Use a.empty, a.bool(), a.item(), a.any() or a.all().
2025-11-10 13:58:04,102 - INFO - STATUS: $10,000.00 | P&L: $+0.00 (+0.0%) | Positions: 0 | Trades: 0 | .1f
2025-11-10 13:58:06,105 - WARNING - Error generating signal for Moving Average on BTCUSDT: The truth value of a DataFrame is ambiguous. Use a.empty, a.bool(), a.item(), a.any() or a.all().
2025-11-10 13:58:06,110 - WARNING - Error generating signal for Momentum on BTCUSDT: The truth value of a DataFrame is ambiguous. Use a.empty, a.bool(), a.item(), a.any() or a.all().
2025-11-10 13:58:06,118 - WARNING - Error generating signal for Moving Average on ETHUSDT: The truth value of a DataFrame is ambiguous. Use a.empty, a.bool(), a.item(), a.any() or a.all().
2025-11-10 13:58:08,158 - WARNING - Error generating signal for Momentum on BTCUSDT: The truth value of a DataFrame is ambiguous. Use a.empty, a.bool(), a.item(), a.any() or a.all().
2025-11-10 13:58:08,185 - WARNING - Error generating signal for Momentum on LINKUSDT: The truth value of a DataFrame is ambiguous. Use a.empty, a.bool(), a.item(), a.any() or a.all().
2025-11-10 13:58:10,197 - WARNING - Error generating signal for Momentum on BTCUSDT: The truth value of a DataFrame is ambiguous. Use a.empty, a.bool(), a.item(), a.any() or a.all().
2025-11-10 13:58:10,220 - WARNING - Error generating signal for Momentum on LINKUSDT: The truth value of a DataFrame is ambiguous. Use a.empty, a.bool(), a.item(), a.any() or a.all().
2025-11-10 13:58:12,238 - WARNING - Error generating signal for Mean Reversion on DOTUSDT: The truth value of a DataFrame is ambiguous. Use a.empty, a.bool(), a.item(), a.any() or a.all().
2025-11-10 13:58:12,238 - WARNING - Error generating signal for Mean Reversion on LINKUSDT: The truth value of a DataFrame is ambiguous. Use a.empty, a.bool(), a.item(), a.any() or a.all().
2025-11-10 13:58:12,253 - WARNING - Error generating signal for Momentum on LINKUSDT: The truth value of a DataFrame is ambiguous. Use a.empty, a.bool(), a.item(), a.any() or a.all().
2025-11-10 13:58:14,280 - WARNING - Error generating signal for Mean Reversion on DOTUSDT: The truth value of a DataFrame is ambiguous. Use a.empty, a.bool(), a.item(), a.any() or a.all().
2025-11-10 13:58:14,280 - WARNING - Error generating signal for Momentum on DOTUSDT: The truth value of a DataFrame is ambiguous. Use a.empty, a.bool(), a.item(), a.any() or a.all().
2025-11-10 13:58:14,288 - WARNING - Error generating signal for Momentum on LINKUSDT: The truth value of a DataFrame is ambiguous. Use a.empty, a.bool(), a.item(), a.any() or a.all().
2025-11-10 13:58:16,315 - WARNING - Error generating signal for Mean Reversion on DOTUSDT: The truth value of a DataFrame is ambiguous. Use a.empty, a.bool(), a.item(), a.any() or a.all().
2025-11-10 13:58:16,318 - WARNING - Error generating signal for Momentum on DOTUSDT: The truth value of a DataFrame is ambiguous. Use a.empty, a.bool(), a.item(), a.any() or a.all().
2025-11-10 13:58:16,323 - WARNING - Error generating signal for Momentum on LINKUSDT: The truth value of a DataFrame is ambiguous. Use a.empty, a.bool(), a.item(), a.any() or a.all().
2025-11-10 13:58:18,339 - WARNING - Error generating signal for Momentum on DOTUSDT: The truth value of a DataFrame is ambiguous. Use a.empty, a.bool(), a.item(), a.any() or a.all().
2025-11-10 13:58:18,339 - WARNING - Error generating signal for Mean Reversion on LINKUSDT: The truth value of a DataFrame is ambiguous. Use a.empty, a.bool(), a.item(), a.any() or a.all().
2025-11-10 13:58:18,356 - WARNING - Error generating signal for Momentum on LINKUSDT: The truth value of a DataFrame is ambiguous. Use a.empty, a.bool(), a.item(), a.any() or a.all().
2025-11-10 13:58:20,369 - WARNING - Error generating signal for Momentum on ADAUSDT: The truth value of a DataFrame is ambiguous. Use a.empty, a.bool(), a.item(), a.any() or a.all().
2025-11-10 13:58:20,391 - WARNING - Error generating signal for Momentum on LINKUSDT: The truth value of a DataFrame is ambiguous. Use a.empty, a.bool(), a.item(), a.any() or a.all().
2025-11-10 13:58:22,411 - WARNING - Error generating signal for Mean Reversion on ADAUSDT: The truth value of a DataFrame is ambiguous. Use a.empty, a.bool(), a.item(), a.any() or a.all().
2025-11-10 13:58:22,415 - WARNING - Error generating signal for Momentum on ADAUSDT: The truth value of a DataFrame is ambiguous. Use a.empty, a.bool(), a.item(), a.any() or a.all().
2025-11-10 13:58:22,423 - WARNING - Error generating signal for Momentum on DOTUSDT: The truth value of a DataFrame is ambiguous. Use a.empty, a.bool(), a.item(), a.any() or a.all().
2025-11-10 13:58:22,433 - WARNING - Error generating signal for Mean Reversion on LINKUSDT: The truth value of a DataFrame is ambiguous. Use a.empty, a.bool(), a.item(), a.any() or a.all().
2025-11-10 13:58:22,437 - WARNING - Error generating signal for Momentum on LINKUSDT: The truth value of a DataFrame is ambiguous. Use a.empty, a.bool(), a.item(), a.any() or a.all().
2025-11-10 13:58:24,455 - WARNING - Error generating signal for Momentum on ADAUSDT: The truth value of a DataFrame is ambiguous. Use a.empty, a.bool(), a.item(), a.any() or a.all().
2025-11-10 13:58:24,469 - WARNING - Error generating signal for Mean Reversion on LINKUSDT: The truth value of a DataFrame is ambiguous. Use a.empty, a.bool(), a.item(), a.any() or a.all().
2025-11-10 13:58:24,471 - WARNING - Error generating signal for Momentum on LINKUSDT: The truth value of a DataFrame is ambiguous. Use a.empty, a.bool(), a.item(), a.any() or a.all().
2025-11-10 13:58:26,488 - WARNING - Error generating signal for Momentum on ADAUSDT: The truth value of a DataFrame is ambiguous. Use a.empty, a.bool(), a.item(), a.any() or a.all().
2025-11-10 13:58:30,544 - WARNING - Error generating signal for Momentum on BTCUSDT: The truth value of a DataFrame is ambiguous. Use a.empty, a.bool(), a.item(), a.any() or a.all().
2025-11-10 13:58:30,570 - WARNING - Error generating signal for Mean Reversion on LINKUSDT: The truth value of a DataFrame is ambiguous. Use a.empty, a.bool(), a.item(), a.any() or a.all().
2025-11-10 13:58:30,575 - WARNING - Error generating signal for Momentum on LINKUSDT: The truth value of a DataFrame is ambiguous. Use a.empty, a.bool(), a.item(), a.any() or a.all().
2025-11-10 13:58:32,595 - WARNING - Error generating signal for Momentum on ADAUSDT: The truth value of a DataFrame is ambiguous. Use a.empty, a.bool(), a.item(), a.any() or a.all().
2025-11-10 13:58:32,605 - WARNING - Error generating signal for Momentum on LINKUSDT: The truth value of a DataFrame is ambiguous. Use a.empty, a.bool(), a.item(), a.any() or a.all().
2025-11-10 13:58:34,609 - WARNING - Error generating signal for Moving Average on ETHUSDT: The truth value of a DataFrame is ambiguous. Use a.empty, a.bool(), a.item(), a.any() or a.all().
2025-11-10 13:58:34,625 - WARNING - Error generating signal for Momentum on ADAUSDT: The truth value of a DataFrame is ambiguous. Use a.empty, a.bool(), a.item(), a.any() or a.all().
2025-11-10 13:58:34,643 - WARNING - Error generating signal for Momentum on LINKUSDT: The truth value of a DataFrame is ambiguous. Use a.empty, a.bool(), a.item(), a.any() or a.all().
2025-11-10 13:58:36,664 - WARNING - Error generating signal for Moving Average on DOTUSDT: The truth value of a DataFrame is ambiguous. Use a.empty, a.bool(), a.item(), a.any() or a.all().
2025-11-10 13:58:38,681 - WARNING - Error generating signal for Moving Average on ETHUSDT: The truth value of a DataFrame is ambiguous. Use a.empty, a.bool(), a.item(), a.any() or a.all().
2025-11-10 13:58:38,703 - WARNING - Error generating signal for Momentum on LINKUSDT: The truth value of a DataFrame is ambiguous. Use a.empty, a.bool(), a.item(), a.any() or a.all().
2025-11-10 13:58:40,735 - WARNING - Error generating signal for Momentum on LINKUSDT: The truth value of a DataFrame is ambiguous. Use a.empty, a.bool(), a.item(), a.any() or a.all().
2025-11-10 13:58:42,750 - WARNING - Error generating signal for Mean Reversion on DOTUSDT: The truth value of a DataFrame is ambiguous. Use a.empty, a.bool(), a.item(), a.any() or a.all().
2025-11-10 13:58:42,750 - WARNING - Error generating signal for Momentum on DOTUSDT: The truth value of a DataFrame is ambiguous. Use a.empty, a.bool(), a.item(), a.any() or a.all().
2025-11-10 13:58:44,784 - WARNING - Error generating signal for Mean Reversion on ADAUSDT: The truth value of a DataFrame is ambiguous. Use a.empty, a.bool(), a.item(), a.any() or a.all().
2025-11-10 13:58:44,790 - WARNING - Error generating signal for Momentum on ADAUSDT: The truth value of a DataFrame is ambiguous. Use a.empty, a.bool(), a.item(), a.any() or a.all().
2025-11-10 13:58:46,803 - WARNING - Error generating signal for Momentum on ADAUSDT: The truth value of a DataFrame is ambiguous. Use a.empty, a.bool(), a.item(), a.any() or a.all().
2025-11-10 13:58:48,847 - WARNING - Error generating signal for Mean Reversion on ADAUSDT: The truth value of a DataFrame is ambiguous. Use a.empty, a.bool(), a.item(), a.any() or a.all().
2025-11-10 13:58:48,847 - WARNING - Error generating signal for Momentum on ADAUSDT: The truth value of a DataFrame is ambiguous. Use a.empty, a.bool(), a.item(), a.any() or a.all().
2025-11-10 13:58:50,881 - WARNING - Error generating signal for Mean Reversion on ADAUSDT: The truth value of a DataFrame is ambiguous. Use a.empty, a.bool(), a.item(), a.any() or a.all().
2025-11-10 13:58:50,885 - WARNING - Error generating signal for Momentum on ADAUSDT: The truth value of a DataFrame is ambiguous. Use a.empty, a.bool(), a.item(), a.any() or a.all().
2025-11-10 13:58:52,899 - WARNING - Error generating signal for Mean Reversion on BTCUSDT: The truth value of a DataFrame is ambiguous. Use a.empty, a.bool(), a.item(), a.any() or a.all().
2025-11-10 13:58:52,915 - WARNING - Error generating signal for Mean Reversion on ADAUSDT: The truth value of a DataFrame is ambiguous. Use a.empty, a.bool(), a.item(), a.any() or a.all().
2025-11-10 13:58:52,918 - WARNING - Error generating signal for Momentum on ADAUSDT: The truth value of a DataFrame is ambiguous. Use a.empty, a.bool(), a.item(), a.any() or a.all().
2025-11-10 13:58:54,945 - WARNING - Error generating signal for Mean Reversion on BTCUSDT: The truth value of a DataFrame is ambiguous. Use a.empty, a.bool(), a.item(), a.any() or a.all().
2025-11-10 13:58:54,961 - WARNING - Error generating signal for Mean Reversion on ADAUSDT: The truth value of a DataFrame is ambiguous. Use a.empty, a.bool(), a.item(), a.any() or a.all().
2025-11-10 13:58:54,966 - WARNING - Error generating signal for Momentum on ADAUSDT: The truth value of a DataFrame is ambiguous. Use a.empty, a.bool(), a.item(), a.any() or a.all().
2025-11-10 13:58:56,989 - WARNING - Error generating signal for Mean Reversion on BTCUSDT: The truth value of a DataFrame is ambiguous. Use a.empty, a.bool(), a.item(), a.any() or a.all().
2025-11-10 13:58:56,989 - WARNING - Error generating signal for Mean Reversion on ETHUSDT: The truth value of a DataFrame is ambiguous. Use a.empty, a.bool(), a.item(), a.any() or a.all().
2025-11-10 13:58:57,010 - WARNING - Error generating signal for Momentum on ADAUSDT: The truth value of a DataFrame is ambiguous. Use a.empty, a.bool(), a.item(), a.any() or a.all().
2025-11-10 13:58:59,029 - WARNING - Error generating signal for Momentum on BTCUSDT: The truth value of a DataFrame is ambiguous. Use a.empty, a.bool(), a.item(), a.any() or a.all().
2025-11-10 13:58:59,039 - WARNING - Error generating signal for Moving Average on ETHUSDT: The truth value of a DataFrame is ambiguous. Use a.empty, a.bool(), a.item(), a.any() or a.all().
2025-11-10 13:58:59,045 - WARNING - Error generating signal for Mean Reversion on ETHUSDT: The truth value of a DataFrame is ambiguous. Use a.empty, a.bool(), a.item(), a.any() or a.all().
2025-11-10 13:58:59,055 - WARNING - Error generating signal for Momentum on ADAUSDT: The truth value of a DataFrame is ambiguous. Use a.empty, a.bool(), a.item(), a.any() or a.all().
2025-11-10 13:59:01,072 - WARNING - Error generating signal for Mean Reversion on ETHUSDT: The truth value of a DataFrame is ambiguous. Use a.empty, a.bool(), a.item(), a.any() or a.all().
2025-11-10 13:59:01,092 - WARNING - Error generating signal for Momentum on ADAUSDT: The truth value of a DataFrame is ambiguous. Use a.empty, a.bool(), a.item(), a.any() or a.all().
2025-11-10 13:59:01,108 - INFO - STATUS: $10,000.00 | P&L: $+0.00 (+0.0%) | Positions: 0 | Trades: 0 | .1f
2025-11-10 13:59:03,136 - WARNING - Error generating signal for Moving Average on LINKUSDT: The truth value of a DataFrame is ambiguous. Use a.empty, a.bool(), a.item(), a.any() or a.all().
2025-11-10 13:59:03,136 - INFO - STATUS: $10,000.00 | P&L: $+0.00 (+0.0%) | Positions: 0 | Trades: 0 | .1f
2025-11-10 13:59:05,161 - WARNING - Error generating signal for Momentum on ADAUSDT: The truth value of a DataFrame is ambiguous. Use a.empty, a.bool(), a.item(), a.any() or a.all().
2025-11-10 13:59:07,184 - WARNING - Error generating signal for Moving Average on DOTUSDT: The truth value of a DataFrame is ambiguous. Use a.empty, a.bool(), a.item(), a.any() or a.all().
2025-11-10 13:59:09,219 - WARNING - Error generating signal for Mean Reversion on ETHUSDT: The truth value of a DataFrame is ambiguous. Use a.empty, a.bool(), a.item(), a.any() or a.all().
2025-11-10 13:59:09,224 - WARNING - Error generating signal for Momentum on ETHUSDT: The truth value of a DataFrame is ambiguous. Use a.empty, a.bool(), a.item(), a.any() or a.all().
2025-11-10 13:59:09,229 - WARNING - Error generating signal for Momentum on ADAUSDT: The truth value of a DataFrame is ambiguous. Use a.empty, a.bool(), a.item(), a.any() or a.all().
2025-11-10 13:59:09,244 - WARNING - Error generating signal for Moving Average on LINKUSDT: The truth value of a DataFrame is ambiguous. Use a.empty, a.bool(), a.item(), a.any() or a.all().
2025-11-10 13:59:11,262 - WARNING - Error generating signal for Momentum on ETHUSDT: The truth value of a DataFrame is ambiguous. Use a.empty, a.bool(), a.item(), a.any() or a.all().
2025-11-10 13:59:11,268 - WARNING - Error generating signal for Momentum on ADAUSDT: The truth value of a DataFrame is ambiguous. Use a.empty, a.bool(), a.item(), a.any() or a.all().
2025-11-10 13:59:13,295 - WARNING - Error generating signal for Mean Reversion on ETHUSDT: The truth value of a DataFrame is ambiguous. Use a.empty, a.bool(), a.item(), a.any() or a.all().
2025-11-10 13:59:13,298 - WARNING - Error generating signal for Momentum on ETHUSDT: The truth value of a DataFrame is ambiguous. Use a.empty, a.bool(), a.item(), a.any() or a.all().
2025-11-10 13:59:13,307 - WARNING - Error generating signal for Momentum on ADAUSDT: The truth value of a DataFrame is ambiguous. Use a.empty, a.bool(), a.item(), a.any() or a.all().
2025-11-10 13:59:13,322 - WARNING - Error generating signal for Mean Reversion on LINKUSDT: The truth value of a DataFrame is ambiguous. Use a.empty, a.bool(), a.item(), a.any() or a.all().
2025-11-10 13:59:15,333 - WARNING - Error generating signal for Momentum on ETHUSDT: The truth value of a DataFrame is ambiguous. Use a.empty, a.bool(), a.item(), a.any() or a.all().
2025-11-10 13:59:15,358 - WARNING - Error generating signal for Momentum on LINKUSDT: The truth value of a DataFrame is ambiguous. Use a.empty, a.bool(), a.item(), a.any() or a.all().
2025-11-10 13:59:17,381 - WARNING - Error generating signal for Momentum on DOTUSDT: The truth value of a DataFrame is ambiguous. Use a.empty, a.bool(), a.item(), a.any() or a.all().
2025-11-10 13:59:17,390 - WARNING - Error generating signal for Momentum on LINKUSDT: The truth value of a DataFrame is ambiguous. Use a.empty, a.bool(), a.item(), a.any() or a.all().
2025-11-10 13:59:19,417 - WARNING - Error generating signal for Momentum on LINKUSDT: The truth value of a DataFrame is ambiguous. Use a.empty, a.bool(), a.item(), a.any() or a.all().
2025-11-10 13:59:27,519 - WARNING - Error generating signal for Momentum on BTCUSDT: The truth value of a DataFrame is ambiguous. Use a.empty, a.bool(), a.item(), a.any() or a.all().
2025-11-10 13:59:27,540 - WARNING - Error generating signal for Mean Reversion on DOTUSDT: The truth value of a DataFrame is ambiguous. Use a.empty, a.bool(), a.item(), a.any() or a.all().
2025-11-10 13:59:27,545 - WARNING - Error generating signal for Momentum on DOTUSDT: The truth value of a DataFrame is ambiguous. Use a.empty, a.bool(), a.item(), a.any() or a.all().
2025-11-10 13:59:29,558 - WARNING - Error generating signal for Mean Reversion on BTCUSDT: The truth value of a DataFrame is ambiguous. Use a.empty, a.bool(), a.item(), a.any() or a.all().
2025-11-10 13:59:29,564 - WARNING - Error generating signal for Momentum on BTCUSDT: The truth value of a DataFrame is ambiguous. Use a.empty, a.bool(), a.item(), a.any() or a.all().
2025-11-10 13:59:29,581 - WARNING - Error generating signal for Mean Reversion on DOTUSDT: The truth value of a DataFrame is ambiguous. Use a.empty, a.bool(), a.item(), a.any() or a.all().
2025-11-10 13:59:29,588 - WARNING - Error generating signal for Momentum on DOTUSDT: The truth value of a DataFrame is ambiguous. Use a.empty, a.bool(), a.item(), a.any() or a.all().
2025-11-10 13:59:29,595 - WARNING - Error generating signal for Moving Average on LINKUSDT: The truth value of a DataFrame is ambiguous. Use a.empty, a.bool(), a.item(), a.any() or a.all().
2025-11-10 13:59:31,609 - WARNING - Error generating signal for Mean Reversion on BTCUSDT: The truth value of a DataFrame is ambiguous. Use a.empty, a.bool(), a.item(), a.any() or a.all().
2025-11-10 13:59:31,611 - WARNING - Error generating signal for Momentum on BTCUSDT: The truth value of a DataFrame is ambiguous. Use a.empty, a.bool(), a.item(), a.any() or a.all().
2025-11-10 13:59:31,629 - WARNING - Error generating signal for Mean Reversion on DOTUSDT: The truth value of a DataFrame is ambiguous. Use a.empty, a.bool(), a.item(), a.any() or a.all().
2025-11-10 13:59:31,638 - WARNING - Error generating signal for Momentum on DOTUSDT: The truth value of a DataFrame is ambiguous. Use a.empty, a.bool(), a.item(), a.any() or a.all().
2025-11-10 13:59:33,649 - WARNING - Error generating signal for Moving Average on ETHUSDT: The truth value of a DataFrame is ambiguous. Use a.empty, a.bool(), a.item(), a.any() or a.all().
2025-11-10 13:59:33,660 - WARNING - Error generating signal for Momentum on ETHUSDT: The truth value of a DataFrame is ambiguous. Use a.empty, a.bool(), a.item(), a.any() or a.all().
2025-11-10 13:59:33,665 - WARNING - Error generating signal for Mean Reversion on DOTUSDT: The truth value of a DataFrame is ambiguous. Use a.empty, a.bool(), a.item(), a.any() or a.all().
2025-11-10 13:59:33,677 - WARNING - Error generating signal for Momentum on DOTUSDT: The truth value of a DataFrame is ambiguous. Use a.empty, a.bool(), a.item(), a.any() or a.all().
2025-11-10 13:59:35,688 - WARNING - Error generating signal for Momentum on ETHUSDT: The truth value of a DataFrame is ambiguous. Use a.empty, a.bool(), a.item(), a.any() or a.all().
2025-11-10 13:59:35,698 - WARNING - Error generating signal for Mean Reversion on DOTUSDT: The truth value of a DataFrame is ambiguous. Use a.empty, a.bool(), a.item(), a.any() or a.all().
2025-11-10 13:59:35,711 - WARNING - Error generating signal for Momentum on DOTUSDT: The truth value of a DataFrame is ambiguous. Use a.empty, a.bool(), a.item(), a.any() or a.all().
2025-11-10 13:59:37,732 - WARNING - Error generating signal for Momentum on ETHUSDT: The truth value of a DataFrame is ambiguous. Use a.empty, a.bool(), a.item(), a.any() or a.all().
2025-11-10 13:59:39,764 - WARNING - Error generating signal for Moving Average on ADAUSDT: The truth value of a DataFrame is ambiguous. Use a.empty, a.bool(), a.item(), a.any() or a.all().
2025-11-10 13:59:43,840 - WARNING - Error generating signal for Momentum on LINKUSDT: The truth value of a DataFrame is ambiguous. Use a.empty, a.bool(), a.item(), a.any() or a.all().
2025-11-10 13:59:45,861 - WARNING - Error generating signal for Mean Reversion on ADAUSDT: The truth value of a DataFrame is ambiguous. Use a.empty, a.bool(), a.item(), a.any() or a.all().
2025-11-10 13:59:45,866 - WARNING - Error generating signal for Momentum on ADAUSDT: The truth value of a DataFrame is ambiguous. Use a.empty, a.bool(), a.item(), a.any() or a.all().
2025-11-10 13:59:45,876 - WARNING - Error generating signal for Mean Reversion on LINKUSDT: The truth value of a DataFrame is ambiguous. Use a.empty, a.bool(), a.item(), a.any() or a.all().
2025-11-10 13:59:45,887 - WARNING - Error generating signal for Momentum on LINKUSDT: The truth value of a DataFrame is ambiguous. Use a.empty, a.bool(), a.item(), a.any() or a.all().
2025-11-10 13:59:47,896 - WARNING - Error generating signal for Momentum on ADAUSDT: The truth value of a DataFrame is ambiguous. Use a.empty, a.bool(), a.item(), a.any() or a.all().
2025-11-10 13:59:47,913 - WARNING - Error generating signal for Mean Reversion on LINKUSDT: The truth value of a DataFrame is ambiguous. Use a.empty, a.bool(), a.item(), a.any() or a.all().
2025-11-10 13:59:47,925 - WARNING - Error generating signal for Momentum on LINKUSDT: The truth value of a DataFrame is ambiguous. Use a.empty, a.bool(), a.item(), a.any() or a.all().
2025-11-10 13:59:49,928 - WARNING - Error generating signal for Momentum on BTCUSDT: The truth value of a DataFrame is ambiguous. Use a.empty, a.bool(), a.item(), a.any() or a.all().
2025-11-10 13:59:49,928 - WARNING - Error generating signal for Mean Reversion on ADAUSDT: The truth value of a DataFrame is ambiguous. Use a.empty, a.bool(), a.item(), a.any() or a.all().
2025-11-10 13:59:49,949 - WARNING - Error generating signal for Momentum on ADAUSDT: The truth value of a DataFrame is ambiguous. Use a.empty, a.bool(), a.item(), a.any() or a.all().
2025-11-10 13:59:49,962 - WARNING - Error generating signal for Mean Reversion on LINKUSDT: The truth value of a DataFrame is ambiguous. Use a.empty, a.bool(), a.item(), a.any() or a.all().
2025-11-10 13:59:49,969 - WARNING - Error generating signal for Momentum on LINKUSDT: The truth value of a DataFrame is ambiguous. Use a.empty, a.bool(), a.item(), a.any() or a.all().
2025-11-10 13:59:51,982 - WARNING - Error generating signal for Mean Reversion on ADAUSDT: The truth value of a DataFrame is ambiguous. Use a.empty, a.bool(), a.item(), a.any() or a.all().
2025-11-10 13:59:51,982 - WARNING - Error generating signal for Momentum on ADAUSDT: The truth value of a DataFrame is ambiguous. Use a.empty, a.bool(), a.item(), a.any() or a.all().
2025-11-10 13:59:52,003 - WARNING - Error generating signal for Mean Reversion on LINKUSDT: The truth value of a DataFrame is ambiguous. Use a.empty, a.bool(), a.item(), a.any() or a.all().
2025-11-10 13:59:52,004 - WARNING - Error generating signal for Momentum on LINKUSDT: The truth value of a DataFrame is ambiguous. Use a.empty, a.bool(), a.item(), a.any() or a.all().
2025-11-10 13:59:54,026 - WARNING - Error generating signal for Mean Reversion on ADAUSDT: The truth value of a DataFrame is ambiguous. Use a.empty, a.bool(), a.item(), a.any() or a.all().
2025-11-10 13:59:54,029 - WARNING - Error generating signal for Momentum on ADAUSDT: The truth value of a DataFrame is ambiguous. Use a.empty, a.bool(), a.item(), a.any() or a.all().
2025-11-10 13:59:54,038 - WARNING - Error generating signal for Momentum on DOTUSDT: The truth value of a DataFrame is ambiguous. Use a.empty, a.bool(), a.item(), a.any() or a.all().
2025-11-10 13:59:54,051 - WARNING - Error generating signal for Momentum on LINKUSDT: The truth value of a DataFrame is ambiguous. Use a.empty, a.bool(), a.item(), a.any() or a.all().
2025-11-10 13:59:56,064 - WARNING - Error generating signal for Momentum on ETHUSDT: The truth value of a DataFrame is ambiguous. Use a.empty, a.bool(), a.item(), a.any() or a.all().
2025-11-10 13:59:56,074 - WARNING - Error generating signal for Momentum on DOTUSDT: The truth value of a DataFrame is ambiguous. Use a.empty, a.bool(), a.item(), a.any() or a.all().
2025-11-10 13:59:58,095 - WARNING - Error generating signal for Moving Average on ETHUSDT: The truth value of a DataFrame is ambiguous. Use a.empty, a.bool(), a.item(), a.any() or a.all().
2025-11-10 13:59:58,095 - WARNING - Error generating signal for Momentum on ETHUSDT: The truth value of a DataFrame is ambiguous. Use a.empty, a.bool(), a.item(), a.any() or a.all().
2025-11-10 14:00:00,175 - WARNING - Error generating signal for Moving Average on DOTUSDT: The truth value of a DataFrame is ambiguous. Use a.empty, a.bool(), a.item(), a.any() or a.all().
2025-11-10 14:00:00,201 - INFO - STATUS: $10,000.00 | P&L: $+0.00 (+0.0%) | Positions: 0 | Trades: 0 | .1f
2025-11-10 14:00:02,218 - WARNING - Error generating signal for Momentum on ADAUSDT: The truth value of a DataFrame is ambiguous. Use a.empty, a.bool(), a.item(), a.any() or a.all().
2025-11-10 14:00:02,251 - INFO - STATUS: $10,000.00 | P&L: $+0.00 (+0.0%) | Positions: 0 | Trades: 0 | .1f
2025-11-10 14:00:04,277 - INFO - STATUS: $10,000.00 | P&L: $+0.00 (+0.0%) | Positions: 0 | Trades: 0 | .1f
2025-11-10 14:00:06,305 - WARNING - Error generating signal for Moving Average on DOTUSDT: The truth value of a DataFrame is ambiguous. Use a.empty, a.bool(), a.item(), a.any() or a.all().
2025-11-10 14:00:06,320 - WARNING - Error generating signal for Momentum on LINKUSDT: The truth value of a DataFrame is ambiguous. Use a.empty, a.bool(), a.item(), a.any() or a.all().
2025-11-10 14:00:08,341 - WARNING - Error generating signal for Momentum on LINKUSDT: The truth value of a DataFrame is ambiguous. Use a.empty, a.bool(), a.item(), a.any() or a.all().
2025-11-10 14:00:10,355 - WARNING - Error generating signal for Moving Average on BTCUSDT: The truth value of a DataFrame is ambiguous. Use a.empty, a.bool(), a.item(), a.any() or a.all().
2025-11-10 14:00:10,383 - WARNING - Error generating signal for Moving Average on DOTUSDT: The truth value of a DataFrame is ambiguous. Use a.empty, a.bool(), a.item(), a.any() or a.all().
2025-11-10 14:00:14,445 - WARNING - Error generating signal for Momentum on ADAUSDT: The truth value of a DataFrame is ambiguous. Use a.empty, a.bool(), a.item(), a.any() or a.all().
2025-11-10 14:00:14,454 - WARNING - Error generating signal for Moving Average on DOTUSDT: The truth value of a DataFrame is ambiguous. Use a.empty, a.bool(), a.item(), a.any() or a.all().
2025-11-10 14:00:16,550 - WARNING - Error generating signal for Momentum on ADAUSDT: The truth value of a DataFrame is ambiguous. Use a.empty, a.bool(), a.item(), a.any() or a.all().
2025-11-10 14:00:16,693 - INFO - Received signal 2, initiating graceful shutdown...
2025-11-10 14:00:16,697 - INFO - Stopping paper trading...
2025-11-10 14:00:16,700 - INFO - ============================================================
2025-11-10 14:00:16,701 - INFO - FINAL PAPER TRADING REPORT
2025-11-10 14:00:16,702 - INFO - ============================================================
2025-11-10 14:00:16,703 - INFO - Duration: 0:05:50.436110
2025-11-10 14:00:16,703 - INFO - Start: 2025-11-10 13:54:26.266150
2025-11-10 14:00:16,704 - INFO - End: 2025-11-10 14:00:16.702260
2025-11-10 14:00:16,705 - INFO - 
2025-11-10 14:00:16,706 - INFO - PERFORMANCE:
2025-11-10 14:00:16,706 - INFO - Initial Capital: $10,000.00
2025-11-10 14:00:16,708 - INFO - Final Value: $10,000.00
2025-11-10 14:00:16,712 - INFO - Total P&L: $+0.00
2025-11-10 14:00:16,716 - INFO - Total Return: +0.0%
2025-11-10 14:00:16,717 - INFO - 
2025-11-10 14:00:16,719 - INFO - TRADING STATISTICS:
2025-11-10 14:00:16,720 - INFO - Total Trades: 0
2025-11-10 14:00:16,732 - INFO - Winning Trades: 0
2025-11-10 14:00:16,734 - INFO - Win Rate: 0.0%
2025-11-10 14:00:16,735 - INFO - 
2025-11-10 14:00:16,735 - INFO - RISK METRICS:
2025-11-10 14:00:16,736 - INFO - Volatility: 0.0%
2025-11-10 14:00:16,736 - INFO - Sharpe Ratio: 0.00
2025-11-10 14:00:16,738 - INFO - Max Drawdown: 0.0%
2025-11-10 14:00:16,739 - INFO - 
2025-11-10 14:00:16,740 - INFO - STRATEGY PERFORMANCE:
2025-11-10 14:00:16,752 - INFO - 
2025-11-10 14:00:16,763 - INFO - Report saved: reports\simple_paper_trading_report_20251110_140016.json
2025-11-10 14:00:16,768 - INFO - ============================================================
2025-11-10 14:00:16,770 - INFO - NEUTRAL: Paper trading completed - review strategy parameters
2025-11-10 14:00:16,770 - INFO - Paper trading stopped successfully
2025-11-10 14:00:18,655 - INFO - Trading duration completed
