2025-11-09 16:00:37,140 - INFO - ============================================================
2025-11-09 16:00:37,144 - INFO - SUPREME SYSTEM V5 - SIMPLE PAPER TRADING
2025-11-09 16:00:37,144 - INFO - ============================================================
2025-11-09 16:00:37,145 - INFO - Duration: 1 hours
2025-11-09 16:00:37,147 - INFO - Start Time: 2025-11-09 16:00:37.134133
2025-11-09 16:00:37,147 - INFO - End Time: 2025-11-09 17:00:37.134133
2025-11-09 16:00:37,148 - INFO - Initial Capital: $10,000.00
2025-11-09 16:00:37,148 - INFO - Strategies: Moving Average, Mean Reversion, Momentum, Breakout
2025-11-09 16:00:37,149 - INFO - ============================================================
2025-11-09 16:00:37,149 - INFO - Starting trading loop...
2025-11-09 16:01:01,159 - INFO - STATUS: $10,000.00 | P&L: $+0.00 (+0.0%) | Positions: 0 | Trades: 0 | .1f
2025-11-09 16:01:03,160 - INFO - STATUS: $10,000.00 | P&L: $+0.00 (+0.0%) | Positions: 0 | Trades: 0 | .1f
2025-11-09 16:01:15,380 - WARNING - Error generating signal for Mean Reversion on ADAUSDT: The truth value of a DataFrame is ambiguous. Use a.empty, a.bool(), a.item(), a.any() or a.all().
2025-11-09 16:01:17,454 - WARNING - Error generating signal for Mean Reversion on ADAUSDT: The truth value of a DataFrame is ambiguous. Use a.empty, a.bool(), a.item(), a.any() or a.all().
2025-11-09 16:01:19,464 - WARNING - Error generating signal for Mean Reversion on BTCUSDT: The truth value of a DataFrame is ambiguous. Use a.empty, a.bool(), a.item(), a.any() or a.all().
2025-11-09 16:01:19,473 - WARNING - Error generating signal for Mean Reversion on ADAUSDT: The truth value of a DataFrame is ambiguous. Use a.empty, a.bool(), a.item(), a.any() or a.all().
2025-11-09 16:01:23,506 - WARNING - Error generating signal for Mean Reversion on ADAUSDT: The truth value of a DataFrame is ambiguous. Use a.empty, a.bool(), a.item(), a.any() or a.all().
2025-11-09 16:01:27,542 - WARNING - Error generating signal for Mean Reversion on LINKUSDT: The truth value of a DataFrame is ambiguous. Use a.empty, a.bool(), a.item(), a.any() or a.all().
2025-11-09 16:01:29,555 - WARNING - Error generating signal for Mean Reversion on ADAUSDT: The truth value of a DataFrame is ambiguous. Use a.empty, a.bool(), a.item(), a.any() or a.all().
2025-11-09 16:01:31,573 - WARNING - Error generating signal for Mean Reversion on DOTUSDT: The truth value of a DataFrame is ambiguous. Use a.empty, a.bool(), a.item(), a.any() or a.all().
2025-11-09 16:01:45,871 - WARNING - Error generating signal for Mean Reversion on LINKUSDT: The truth value of a DataFrame is ambiguous. Use a.empty, a.bool(), a.item(), a.any() or a.all().
2025-11-09 16:01:45,874 - WARNING - Error generating signal for Momentum on LINKUSDT: The truth value of a DataFrame is ambiguous. Use a.empty, a.bool(), a.item(), a.any() or a.all().
2025-11-09 16:01:47,974 - WARNING - Error generating signal for Moving Average on LINKUSDT: The truth value of a DataFrame is ambiguous. Use a.empty, a.bool(), a.item(), a.any() or a.all().
2025-11-09 16:01:48,022 - WARNING - Error generating signal for Mean Reversion on LINKUSDT: The truth value of a DataFrame is ambiguous. Use a.empty, a.bool(), a.item(), a.any() or a.all().
2025-11-09 16:01:48,087 - WARNING - Error generating signal for Momentum on LINKUSDT: The truth value of a DataFrame is ambiguous. Use a.empty, a.bool(), a.item(), a.any() or a.all().
2025-11-09 16:01:50,218 - WARNING - Error generating signal for Mean Reversion on LINKUSDT: The truth value of a DataFrame is ambiguous. Use a.empty, a.bool(), a.item(), a.any() or a.all().
2025-11-09 16:01:50,253 - WARNING - Error generating signal for Momentum on LINKUSDT: The truth value of a DataFrame is ambiguous. Use a.empty, a.bool(), a.item(), a.any() or a.all().
2025-11-09 16:01:56,368 - WARNING - Error generating signal for Moving Average on BTCUSDT: The truth value of a DataFrame is ambiguous. Use a.empty, a.bool(), a.item(), a.any() or a.all().
2025-11-09 16:01:56,371 - WARNING - Error generating signal for Mean Reversion on BTCUSDT: The truth value of a DataFrame is ambiguous. Use a.empty, a.bool(), a.item(), a.any() or a.all().
2025-11-09 16:01:56,377 - WARNING - Error generating signal for Momentum on BTCUSDT: The truth value of a DataFrame is ambiguous. Use a.empty, a.bool(), a.item(), a.any() or a.all().
2025-11-09 16:01:56,398 - WARNING - Error generating signal for Momentum on ADAUSDT: The truth value of a DataFrame is ambiguous. Use a.empty, a.bool(), a.item(), a.any() or a.all().
2025-11-09 16:01:58,442 - WARNING - Error generating signal for Mean Reversion on BTCUSDT: The truth value of a DataFrame is ambiguous. Use a.empty, a.bool(), a.item(), a.any() or a.all().
2025-11-09 16:01:58,459 - WARNING - Error generating signal for Momentum on BTCUSDT: The truth value of a DataFrame is ambiguous. Use a.empty, a.bool(), a.item(), a.any() or a.all().
2025-11-09 16:01:58,569 - WARNING - Error generating signal for Momentum on ADAUSDT: The truth value of a DataFrame is ambiguous. Use a.empty, a.bool(), a.item(), a.any() or a.all().
2025-11-09 16:01:58,608 - WARNING - Error generating signal for Mean Reversion on DOTUSDT: The truth value of a DataFrame is ambiguous. Use a.empty, a.bool(), a.item(), a.any() or a.all().
2025-11-09 16:02:00,840 - INFO - STATUS: $10,000.00 | P&L: $+0.00 (+0.0%) | Positions: 0 | Trades: 0 | .1f
2025-11-09 16:02:02,909 - WARNING - Error generating signal for Mean Reversion on BTCUSDT: The truth value of a DataFrame is ambiguous. Use a.empty, a.bool(), a.item(), a.any() or a.all().
2025-11-09 16:02:02,931 - WARNING - Error generating signal for Momentum on BTCUSDT: The truth value of a DataFrame is ambiguous. Use a.empty, a.bool(), a.item(), a.any() or a.all().
2025-11-09 16:02:03,019 - WARNING - Error generating signal for Moving Average on ADAUSDT: The truth value of a DataFrame is ambiguous. Use a.empty, a.bool(), a.item(), a.any() or a.all().
2025-11-09 16:02:03,085 - INFO - STATUS: $10,000.00 | P&L: $+0.00 (+0.0%) | Positions: 0 | Trades: 0 | .1f
2025-11-09 16:02:05,162 - WARNING - Error generating signal for Moving Average on DOTUSDT: The truth value of a DataFrame is ambiguous. Use a.empty, a.bool(), a.item(), a.any() or a.all().
2025-11-09 16:02:09,320 - WARNING - Error generating signal for Momentum on ADAUSDT: The truth value of a DataFrame is ambiguous. Use a.empty, a.bool(), a.item(), a.any() or a.all().
2025-11-09 16:02:09,339 - WARNING - Error generating signal for Momentum on LINKUSDT: The truth value of a DataFrame is ambiguous. Use a.empty, a.bool(), a.item(), a.any() or a.all().
2025-11-09 16:02:11,361 - WARNING - Error generating signal for Mean Reversion on ETHUSDT: The truth value of a DataFrame is ambiguous. Use a.empty, a.bool(), a.item(), a.any() or a.all().
2025-11-09 16:02:13,521 - WARNING - Error generating signal for Mean Reversion on ETHUSDT: The truth value of a DataFrame is ambiguous. Use a.empty, a.bool(), a.item(), a.any() or a.all().
2025-11-09 16:02:13,626 - WARNING - Error generating signal for Mean Reversion on DOTUSDT: The truth value of a DataFrame is ambiguous. Use a.empty, a.bool(), a.item(), a.any() or a.all().
2025-11-09 16:02:13,715 - WARNING - Error generating signal for Momentum on DOTUSDT: The truth value of a DataFrame is ambiguous. Use a.empty, a.bool(), a.item(), a.any() or a.all().
2025-11-09 16:02:16,234 - WARNING - Error generating signal for Momentum on LINKUSDT: The truth value of a DataFrame is ambiguous. Use a.empty, a.bool(), a.item(), a.any() or a.all().
