2025-11-09 16:19:53,729 - INFO - ============================================================
2025-11-09 16:19:53,730 - INFO - SUPREME SYSTEM V5 - SIMPLE PAPER TRADING
2025-11-09 16:19:53,730 - INFO - ============================================================
2025-11-09 16:19:53,731 - INFO - Duration: 1 hours
2025-11-09 16:19:53,731 - INFO - Start Time: 2025-11-09 16:19:53.717999
2025-11-09 16:19:53,732 - INFO - End Time: 2025-11-09 17:19:53.717999
2025-11-09 16:19:53,732 - INFO - Initial Capital: $10,000.00
2025-11-09 16:19:53,732 - INFO - Strategies: Moving Average, Mean Reversion, Momentum, Breakout
2025-11-09 16:19:53,734 - INFO - ============================================================
2025-11-09 16:19:53,734 - INFO - Starting trading loop...
2025-11-09 16:20:01,737 - INFO - STATUS: $10,000.00 | P&L: $+0.00 (+0.0%) | Positions: 0 | Trades: 0 | .1f
2025-11-09 16:20:03,740 - INFO - STATUS: $10,000.00 | P&L: $+0.00 (+0.0%) | Positions: 0 | Trades: 0 | .1f
2025-11-09 16:20:35,794 - WARNING - Error generating signal for Mean Reversion on DOTUSDT: The truth value of a DataFrame is ambiguous. Use a.empty, a.bool(), a.item(), a.any() or a.all().
2025-11-09 16:20:39,813 - WARNING - Error generating signal for Mean Reversion on DOTUSDT: The truth value of a DataFrame is ambiguous. Use a.empty, a.bool(), a.item(), a.any() or a.all().
2025-11-09 16:20:41,827 - WARNING - Error generating signal for Mean Reversion on DOTUSDT: The truth value of a DataFrame is ambiguous. Use a.empty, a.bool(), a.item(), a.any() or a.all().
2025-11-09 16:20:43,840 - WARNING - Error generating signal for Mean Reversion on DOTUSDT: The truth value of a DataFrame is ambiguous. Use a.empty, a.bool(), a.item(), a.any() or a.all().
2025-11-09 16:20:49,864 - WARNING - Error generating signal for Mean Reversion on ADAUSDT: The truth value of a DataFrame is ambiguous. Use a.empty, a.bool(), a.item(), a.any() or a.all().
2025-11-09 16:20:53,906 - WARNING - Error generating signal for Mean Reversion on ADAUSDT: The truth value of a DataFrame is ambiguous. Use a.empty, a.bool(), a.item(), a.any() or a.all().
2025-11-09 16:20:55,928 - WARNING - Error generating signal for Mean Reversion on ADAUSDT: The truth value of a DataFrame is ambiguous. Use a.empty, a.bool(), a.item(), a.any() or a.all().
2025-11-09 16:20:57,943 - WARNING - Error generating signal for Mean Reversion on BTCUSDT: The truth value of a DataFrame is ambiguous. Use a.empty, a.bool(), a.item(), a.any() or a.all().
2025-11-09 16:20:57,954 - WARNING - Error generating signal for Mean Reversion on ADAUSDT: The truth value of a DataFrame is ambiguous. Use a.empty, a.bool(), a.item(), a.any() or a.all().
2025-11-09 16:20:59,973 - WARNING - Error generating signal for Mean Reversion on BTCUSDT: The truth value of a DataFrame is ambiguous. Use a.empty, a.bool(), a.item(), a.any() or a.all().
2025-11-09 16:20:59,977 - WARNING - Error generating signal for Moving Average on ETHUSDT: The truth value of a DataFrame is ambiguous. Use a.empty, a.bool(), a.item(), a.any() or a.all().
2025-11-09 16:21:02,004 - WARNING - Error generating signal for Mean Reversion on BTCUSDT: The truth value of a DataFrame is ambiguous. Use a.empty, a.bool(), a.item(), a.any() or a.all().
2025-11-09 16:21:02,041 - WARNING - Error generating signal for Mean Reversion on ETHUSDT: The truth value of a DataFrame is ambiguous. Use a.empty, a.bool(), a.item(), a.any() or a.all().
2025-11-09 16:21:02,063 - WARNING - Error generating signal for Momentum on LINKUSDT: The truth value of a DataFrame is ambiguous. Use a.empty, a.bool(), a.item(), a.any() or a.all().
2025-11-09 16:21:02,070 - INFO - STATUS: $10,000.00 | P&L: $+0.00 (+0.0%) | Positions: 0 | Trades: 0 | .1f
2025-11-09 16:21:04,078 - WARNING - Error generating signal for Moving Average on BTCUSDT: The truth value of a DataFrame is ambiguous. Use a.empty, a.bool(), a.item(), a.any() or a.all().
2025-11-09 16:21:04,091 - WARNING - Error generating signal for Mean Reversion on BTCUSDT: The truth value of a DataFrame is ambiguous. Use a.empty, a.bool(), a.item(), a.any() or a.all().
2025-11-09 16:21:04,173 - INFO - STATUS: $10,000.00 | P&L: $+0.00 (+0.0%) | Positions: 0 | Trades: 0 | .1f
2025-11-09 16:21:06,205 - WARNING - Error generating signal for Momentum on LINKUSDT: The truth value of a DataFrame is ambiguous. Use a.empty, a.bool(), a.item(), a.any() or a.all().
2025-11-09 16:21:08,222 - WARNING - Error generating signal for Mean Reversion on ETHUSDT: The truth value of a DataFrame is ambiguous. Use a.empty, a.bool(), a.item(), a.any() or a.all().
2025-11-09 16:21:08,225 - WARNING - Error generating signal for Momentum on ETHUSDT: The truth value of a DataFrame is ambiguous. Use a.empty, a.bool(), a.item(), a.any() or a.all().
2025-11-09 16:21:10,268 - WARNING - Error generating signal for Mean Reversion on ETHUSDT: The truth value of a DataFrame is ambiguous. Use a.empty, a.bool(), a.item(), a.any() or a.all().
2025-11-09 16:21:10,271 - WARNING - Error generating signal for Momentum on ETHUSDT: The truth value of a DataFrame is ambiguous. Use a.empty, a.bool(), a.item(), a.any() or a.all().
2025-11-09 16:21:10,284 - WARNING - Error generating signal for Momentum on DOTUSDT: The truth value of a DataFrame is ambiguous. Use a.empty, a.bool(), a.item(), a.any() or a.all().
2025-11-09 16:21:12,302 - WARNING - Error generating signal for Momentum on BTCUSDT: The truth value of a DataFrame is ambiguous. Use a.empty, a.bool(), a.item(), a.any() or a.all().
2025-11-09 16:21:12,306 - WARNING - Error generating signal for Mean Reversion on ETHUSDT: The truth value of a DataFrame is ambiguous. Use a.empty, a.bool(), a.item(), a.any() or a.all().
2025-11-09 16:21:12,308 - WARNING - Error generating signal for Momentum on ETHUSDT: The truth value of a DataFrame is ambiguous. Use a.empty, a.bool(), a.item(), a.any() or a.all().
2025-11-09 16:21:12,325 - WARNING - Error generating signal for Momentum on DOTUSDT: The truth value of a DataFrame is ambiguous. Use a.empty, a.bool(), a.item(), a.any() or a.all().
2025-11-09 16:21:14,352 - WARNING - Error generating signal for Momentum on ETHUSDT: The truth value of a DataFrame is ambiguous. Use a.empty, a.bool(), a.item(), a.any() or a.all().
2025-11-09 16:21:16,389 - WARNING - Error generating signal for Momentum on DOTUSDT: The truth value of a DataFrame is ambiguous. Use a.empty, a.bool(), a.item(), a.any() or a.all().
2025-11-09 16:21:18,425 - WARNING - Error generating signal for Momentum on ADAUSDT: The truth value of a DataFrame is ambiguous. Use a.empty, a.bool(), a.item(), a.any() or a.all().
2025-11-09 16:21:18,437 - WARNING - Error generating signal for Mean Reversion on DOTUSDT: The truth value of a DataFrame is ambiguous. Use a.empty, a.bool(), a.item(), a.any() or a.all().
2025-11-09 16:21:18,443 - WARNING - Error generating signal for Momentum on DOTUSDT: The truth value of a DataFrame is ambiguous. Use a.empty, a.bool(), a.item(), a.any() or a.all().
2025-11-09 16:21:22,525 - WARNING - Error generating signal for Moving Average on ADAUSDT: The truth value of a DataFrame is ambiguous. Use a.empty, a.bool(), a.item(), a.any() or a.all().
2025-11-09 16:21:24,569 - WARNING - Error generating signal for Mean Reversion on BTCUSDT: The truth value of a DataFrame is ambiguous. Use a.empty, a.bool(), a.item(), a.any() or a.all().
2025-11-09 16:21:24,575 - WARNING - Error generating signal for Momentum on ETHUSDT: The truth value of a DataFrame is ambiguous. Use a.empty, a.bool(), a.item(), a.any() or a.all().
2025-11-09 16:21:26,608 - WARNING - Error generating signal for Momentum on ETHUSDT: The truth value of a DataFrame is ambiguous. Use a.empty, a.bool(), a.item(), a.any() or a.all().
2025-11-09 16:21:28,640 - WARNING - Error generating signal for Momentum on ETHUSDT: The truth value of a DataFrame is ambiguous. Use a.empty, a.bool(), a.item(), a.any() or a.all().
2025-11-09 16:21:28,648 - WARNING - Error generating signal for Momentum on ADAUSDT: The truth value of a DataFrame is ambiguous. Use a.empty, a.bool(), a.item(), a.any() or a.all().
2025-11-09 16:21:30,675 - WARNING - Error generating signal for Moving Average on BTCUSDT: The truth value of a DataFrame is ambiguous. Use a.empty, a.bool(), a.item(), a.any() or a.all().
2025-11-09 16:21:30,686 - WARNING - Error generating signal for Momentum on ETHUSDT: The truth value of a DataFrame is ambiguous. Use a.empty, a.bool(), a.item(), a.any() or a.all().
2025-11-09 16:21:30,703 - WARNING - Error generating signal for Momentum on DOTUSDT: The truth value of a DataFrame is ambiguous. Use a.empty, a.bool(), a.item(), a.any() or a.all().
2025-11-09 16:21:30,708 - WARNING - Error generating signal for Mean Reversion on LINKUSDT: The truth value of a DataFrame is ambiguous. Use a.empty, a.bool(), a.item(), a.any() or a.all().
2025-11-09 16:21:30,712 - WARNING - Error generating signal for Momentum on LINKUSDT: The truth value of a DataFrame is ambiguous. Use a.empty, a.bool(), a.item(), a.any() or a.all().
2025-11-09 16:21:32,724 - WARNING - Error generating signal for Momentum on ETHUSDT: The truth value of a DataFrame is ambiguous. Use a.empty, a.bool(), a.item(), a.any() or a.all().
2025-11-09 16:21:32,729 - WARNING - Error generating signal for Moving Average on ADAUSDT: The truth value of a DataFrame is ambiguous. Use a.empty, a.bool(), a.item(), a.any() or a.all().
2025-11-09 16:21:32,736 - WARNING - Error generating signal for Momentum on ADAUSDT: The truth value of a DataFrame is ambiguous. Use a.empty, a.bool(), a.item(), a.any() or a.all().
2025-11-09 16:21:32,742 - WARNING - Error generating signal for Momentum on DOTUSDT: The truth value of a DataFrame is ambiguous. Use a.empty, a.bool(), a.item(), a.any() or a.all().
2025-11-09 16:21:32,753 - WARNING - Error generating signal for Mean Reversion on LINKUSDT: The truth value of a DataFrame is ambiguous. Use a.empty, a.bool(), a.item(), a.any() or a.all().
2025-11-09 16:21:32,755 - WARNING - Error generating signal for Momentum on LINKUSDT: The truth value of a DataFrame is ambiguous. Use a.empty, a.bool(), a.item(), a.any() or a.all().
2025-11-09 16:21:34,785 - WARNING - Error generating signal for Moving Average on LINKUSDT: The truth value of a DataFrame is ambiguous. Use a.empty, a.bool(), a.item(), a.any() or a.all().
2025-11-09 16:21:34,787 - WARNING - Error generating signal for Mean Reversion on LINKUSDT: The truth value of a DataFrame is ambiguous. Use a.empty, a.bool(), a.item(), a.any() or a.all().
2025-11-09 16:21:34,789 - WARNING - Error generating signal for Momentum on LINKUSDT: The truth value of a DataFrame is ambiguous. Use a.empty, a.bool(), a.item(), a.any() or a.all().
2025-11-09 16:21:36,812 - WARNING - Error generating signal for Momentum on ETHUSDT: The truth value of a DataFrame is ambiguous. Use a.empty, a.bool(), a.item(), a.any() or a.all().
2025-11-09 16:21:36,836 - WARNING - Error generating signal for Momentum on DOTUSDT: The truth value of a DataFrame is ambiguous. Use a.empty, a.bool(), a.item(), a.any() or a.all().
2025-11-09 16:21:49,099 - WARNING - Error generating signal for Moving Average on ADAUSDT: The truth value of a DataFrame is ambiguous. Use a.empty, a.bool(), a.item(), a.any() or a.all().
2025-11-09 16:21:53,171 - WARNING - Error generating signal for Momentum on LINKUSDT: The truth value of a DataFrame is ambiguous. Use a.empty, a.bool(), a.item(), a.any() or a.all().
2025-11-09 16:21:55,205 - WARNING - Error generating signal for Momentum on LINKUSDT: The truth value of a DataFrame is ambiguous. Use a.empty, a.bool(), a.item(), a.any() or a.all().
2025-11-09 16:21:57,233 - WARNING - Error generating signal for Moving Average on LINKUSDT: The truth value of a DataFrame is ambiguous. Use a.empty, a.bool(), a.item(), a.any() or a.all().
2025-11-09 16:21:57,236 - WARNING - Error generating signal for Momentum on LINKUSDT: The truth value of a DataFrame is ambiguous. Use a.empty, a.bool(), a.item(), a.any() or a.all().
2025-11-09 16:21:59,243 - WARNING - Error generating signal for Mean Reversion on BTCUSDT: The truth value of a DataFrame is ambiguous. Use a.empty, a.bool(), a.item(), a.any() or a.all().
2025-11-09 16:21:59,253 - WARNING - Error generating signal for Moving Average on ADAUSDT: The truth value of a DataFrame is ambiguous. Use a.empty, a.bool(), a.item(), a.any() or a.all().
2025-11-09 16:21:59,258 - WARNING - Error generating signal for Momentum on ADAUSDT: The truth value of a DataFrame is ambiguous. Use a.empty, a.bool(), a.item(), a.any() or a.all().
2025-11-09 16:21:59,275 - WARNING - Error generating signal for Momentum on LINKUSDT: The truth value of a DataFrame is ambiguous. Use a.empty, a.bool(), a.item(), a.any() or a.all().
2025-11-09 16:22:01,282 - WARNING - Error generating signal for Mean Reversion on BTCUSDT: The truth value of a DataFrame is ambiguous. Use a.empty, a.bool(), a.item(), a.any() or a.all().
2025-11-09 16:22:01,308 - WARNING - Error generating signal for Momentum on LINKUSDT: The truth value of a DataFrame is ambiguous. Use a.empty, a.bool(), a.item(), a.any() or a.all().
2025-11-09 16:22:01,309 - INFO - STATUS: $10,000.00 | P&L: $+0.00 (+0.0%) | Positions: 0 | Trades: 0 | .1f
2025-11-09 16:22:03,319 - WARNING - Error generating signal for Mean Reversion on ETHUSDT: The truth value of a DataFrame is ambiguous. Use a.empty, a.bool(), a.item(), a.any() or a.all().
2025-11-09 16:22:03,341 - WARNING - Error generating signal for Momentum on LINKUSDT: The truth value of a DataFrame is ambiguous. Use a.empty, a.bool(), a.item(), a.any() or a.all().
2025-11-09 16:22:03,343 - INFO - STATUS: $10,000.00 | P&L: $+0.00 (+0.0%) | Positions: 0 | Trades: 0 | .1f
2025-11-09 16:22:05,352 - WARNING - Error generating signal for Mean Reversion on ETHUSDT: The truth value of a DataFrame is ambiguous. Use a.empty, a.bool(), a.item(), a.any() or a.all().
2025-11-09 16:22:05,355 - WARNING - Error generating signal for Momentum on ETHUSDT: The truth value of a DataFrame is ambiguous. Use a.empty, a.bool(), a.item(), a.any() or a.all().
2025-11-09 16:22:07,380 - WARNING - Error generating signal for Mean Reversion on BTCUSDT: The truth value of a DataFrame is ambiguous. Use a.empty, a.bool(), a.item(), a.any() or a.all().
2025-11-09 16:22:07,383 - WARNING - Error generating signal for Momentum on BTCUSDT: The truth value of a DataFrame is ambiguous. Use a.empty, a.bool(), a.item(), a.any() or a.all().
2025-11-09 16:22:07,386 - WARNING - Error generating signal for Moving Average on ETHUSDT: The truth value of a DataFrame is ambiguous. Use a.empty, a.bool(), a.item(), a.any() or a.all().
2025-11-09 16:22:09,418 - WARNING - Error generating signal for Mean Reversion on BTCUSDT: The truth value of a DataFrame is ambiguous. Use a.empty, a.bool(), a.item(), a.any() or a.all().
2025-11-09 16:22:09,427 - WARNING - Error generating signal for Mean Reversion on ETHUSDT: The truth value of a DataFrame is ambiguous. Use a.empty, a.bool(), a.item(), a.any() or a.all().
2025-11-09 16:22:09,431 - WARNING - Error generating signal for Momentum on ETHUSDT: The truth value of a DataFrame is ambiguous. Use a.empty, a.bool(), a.item(), a.any() or a.all().
2025-11-09 16:22:11,469 - WARNING - Error generating signal for Momentum on ADAUSDT: The truth value of a DataFrame is ambiguous. Use a.empty, a.bool(), a.item(), a.any() or a.all().
2025-11-09 16:22:13,499 - WARNING - Error generating signal for Momentum on ADAUSDT: The truth value of a DataFrame is ambiguous. Use a.empty, a.bool(), a.item(), a.any() or a.all().
2025-11-09 16:22:13,504 - WARNING - Error generating signal for Momentum on DOTUSDT: The truth value of a DataFrame is ambiguous. Use a.empty, a.bool(), a.item(), a.any() or a.all().
2025-11-09 16:22:15,530 - WARNING - Error generating signal for Moving Average on ADAUSDT: The truth value of a DataFrame is ambiguous. Use a.empty, a.bool(), a.item(), a.any() or a.all().
2025-11-09 16:22:15,531 - WARNING - Error generating signal for Mean Reversion on ADAUSDT: The truth value of a DataFrame is ambiguous. Use a.empty, a.bool(), a.item(), a.any() or a.all().
2025-11-09 16:22:15,534 - WARNING - Error generating signal for Momentum on ADAUSDT: The truth value of a DataFrame is ambiguous. Use a.empty, a.bool(), a.item(), a.any() or a.all().
2025-11-09 16:22:17,564 - WARNING - Error generating signal for Momentum on ADAUSDT: The truth value of a DataFrame is ambiguous. Use a.empty, a.bool(), a.item(), a.any() or a.all().
2025-11-09 16:22:17,567 - WARNING - Error generating signal for Mean Reversion on DOTUSDT: The truth value of a DataFrame is ambiguous. Use a.empty, a.bool(), a.item(), a.any() or a.all().
2025-11-09 16:22:17,570 - WARNING - Error generating signal for Momentum on DOTUSDT: The truth value of a DataFrame is ambiguous. Use a.empty, a.bool(), a.item(), a.any() or a.all().
2025-11-09 16:22:19,606 - WARNING - Error generating signal for Mean Reversion on DOTUSDT: The truth value of a DataFrame is ambiguous. Use a.empty, a.bool(), a.item(), a.any() or a.all().
2025-11-09 16:22:19,610 - WARNING - Error generating signal for Momentum on DOTUSDT: The truth value of a DataFrame is ambiguous. Use a.empty, a.bool(), a.item(), a.any() or a.all().
2025-11-09 16:22:21,651 - WARNING - Error generating signal for Mean Reversion on ADAUSDT: The truth value of a DataFrame is ambiguous. Use a.empty, a.bool(), a.item(), a.any() or a.all().
2025-11-09 16:22:21,664 - WARNING - Error generating signal for Momentum on ADAUSDT: The truth value of a DataFrame is ambiguous. Use a.empty, a.bool(), a.item(), a.any() or a.all().
2025-11-09 16:22:21,720 - WARNING - Error generating signal for Mean Reversion on DOTUSDT: The truth value of a DataFrame is ambiguous. Use a.empty, a.bool(), a.item(), a.any() or a.all().
2025-11-09 16:22:21,770 - WARNING - Error generating signal for Momentum on DOTUSDT: The truth value of a DataFrame is ambiguous. Use a.empty, a.bool(), a.item(), a.any() or a.all().
2025-11-09 16:22:23,828 - WARNING - Error generating signal for Mean Reversion on DOTUSDT: The truth value of a DataFrame is ambiguous. Use a.empty, a.bool(), a.item(), a.any() or a.all().
2025-11-09 16:22:23,830 - WARNING - Error generating signal for Momentum on DOTUSDT: The truth value of a DataFrame is ambiguous. Use a.empty, a.bool(), a.item(), a.any() or a.all().
2025-11-09 16:22:25,852 - WARNING - Error generating signal for Momentum on ADAUSDT: The truth value of a DataFrame is ambiguous. Use a.empty, a.bool(), a.item(), a.any() or a.all().
2025-11-09 16:22:25,868 - WARNING - Error generating signal for Momentum on DOTUSDT: The truth value of a DataFrame is ambiguous. Use a.empty, a.bool(), a.item(), a.any() or a.all().
2025-11-09 16:22:27,894 - WARNING - Error generating signal for Mean Reversion on ETHUSDT: The truth value of a DataFrame is ambiguous. Use a.empty, a.bool(), a.item(), a.any() or a.all().
2025-11-09 16:22:27,896 - WARNING - Error generating signal for Momentum on ETHUSDT: The truth value of a DataFrame is ambiguous. Use a.empty, a.bool(), a.item(), a.any() or a.all().
2025-11-09 16:22:27,912 - WARNING - Error generating signal for Momentum on DOTUSDT: The truth value of a DataFrame is ambiguous. Use a.empty, a.bool(), a.item(), a.any() or a.all().
2025-11-09 16:22:29,929 - WARNING - Error generating signal for Moving Average on ETHUSDT: The truth value of a DataFrame is ambiguous. Use a.empty, a.bool(), a.item(), a.any() or a.all().
2025-11-09 16:22:29,931 - WARNING - Error generating signal for Mean Reversion on ETHUSDT: The truth value of a DataFrame is ambiguous. Use a.empty, a.bool(), a.item(), a.any() or a.all().
2025-11-09 16:22:29,933 - WARNING - Error generating signal for Momentum on ETHUSDT: The truth value of a DataFrame is ambiguous. Use a.empty, a.bool(), a.item(), a.any() or a.all().
2025-11-09 16:22:29,948 - WARNING - Error generating signal for Momentum on DOTUSDT: The truth value of a DataFrame is ambiguous. Use a.empty, a.bool(), a.item(), a.any() or a.all().
2025-11-09 16:22:29,958 - WARNING - Error generating signal for Momentum on LINKUSDT: The truth value of a DataFrame is ambiguous. Use a.empty, a.bool(), a.item(), a.any() or a.all().
2025-11-09 16:22:31,968 - WARNING - Error generating signal for Momentum on ETHUSDT: The truth value of a DataFrame is ambiguous. Use a.empty, a.bool(), a.item(), a.any() or a.all().
2025-11-09 16:22:31,978 - WARNING - Error generating signal for Momentum on ADAUSDT: The truth value of a DataFrame is ambiguous. Use a.empty, a.bool(), a.item(), a.any() or a.all().
2025-11-09 16:22:31,983 - WARNING - Error generating signal for Momentum on DOTUSDT: The truth value of a DataFrame is ambiguous. Use a.empty, a.bool(), a.item(), a.any() or a.all().
2025-11-09 16:22:34,000 - WARNING - Error generating signal for Moving Average on BTCUSDT: The truth value of a DataFrame is ambiguous. Use a.empty, a.bool(), a.item(), a.any() or a.all().
2025-11-09 16:22:36,048 - WARNING - Error generating signal for Momentum on ADAUSDT: The truth value of a DataFrame is ambiguous. Use a.empty, a.bool(), a.item(), a.any() or a.all().
2025-11-09 16:22:38,077 - WARNING - Error generating signal for Momentum on ETHUSDT: The truth value of a DataFrame is ambiguous. Use a.empty, a.bool(), a.item(), a.any() or a.all().
2025-11-09 16:22:38,082 - WARNING - Error generating signal for Momentum on ADAUSDT: The truth value of a DataFrame is ambiguous. Use a.empty, a.bool(), a.item(), a.any() or a.all().
2025-11-09 16:22:40,112 - WARNING - Error generating signal for Momentum on ETHUSDT: The truth value of a DataFrame is ambiguous. Use a.empty, a.bool(), a.item(), a.any() or a.all().
2025-11-09 16:22:42,134 - WARNING - Error generating signal for Mean Reversion on BTCUSDT: The truth value of a DataFrame is ambiguous. Use a.empty, a.bool(), a.item(), a.any() or a.all().
2025-11-09 16:22:42,145 - WARNING - Error generating signal for Momentum on ETHUSDT: The truth value of a DataFrame is ambiguous. Use a.empty, a.bool(), a.item(), a.any() or a.all().
2025-11-09 16:22:42,165 - WARNING - Error generating signal for Momentum on LINKUSDT: The truth value of a DataFrame is ambiguous. Use a.empty, a.bool(), a.item(), a.any() or a.all().
2025-11-09 16:22:44,180 - WARNING - Error generating signal for Momentum on ETHUSDT: The truth value of a DataFrame is ambiguous. Use a.empty, a.bool(), a.item(), a.any() or a.all().
2025-11-09 16:22:44,213 - WARNING - Error generating signal for Moving Average on LINKUSDT: The truth value of a DataFrame is ambiguous. Use a.empty, a.bool(), a.item(), a.any() or a.all().
2025-11-09 16:22:46,229 - WARNING - Error generating signal for Momentum on ETHUSDT: The truth value of a DataFrame is ambiguous. Use a.empty, a.bool(), a.item(), a.any() or a.all().
2025-11-09 16:22:50,289 - WARNING - Error generating signal for Momentum on ETHUSDT: The truth value of a DataFrame is ambiguous. Use a.empty, a.bool(), a.item(), a.any() or a.all().
2025-11-09 16:22:50,300 - WARNING - Error generating signal for Moving Average on LINKUSDT: The truth value of a DataFrame is ambiguous. Use a.empty, a.bool(), a.item(), a.any() or a.all().
2025-11-09 16:22:50,307 - WARNING - Error generating signal for Mean Reversion on LINKUSDT: The truth value of a DataFrame is ambiguous. Use a.empty, a.bool(), a.item(), a.any() or a.all().
2025-11-09 16:22:50,311 - WARNING - Error generating signal for Momentum on LINKUSDT: The truth value of a DataFrame is ambiguous. Use a.empty, a.bool(), a.item(), a.any() or a.all().
2025-11-09 16:22:52,329 - WARNING - Error generating signal for Moving Average on ADAUSDT: The truth value of a DataFrame is ambiguous. Use a.empty, a.bool(), a.item(), a.any() or a.all().
2025-11-09 16:22:52,346 - WARNING - Error generating signal for Mean Reversion on LINKUSDT: The truth value of a DataFrame is ambiguous. Use a.empty, a.bool(), a.item(), a.any() or a.all().
2025-11-09 16:22:52,349 - WARNING - Error generating signal for Momentum on LINKUSDT: The truth value of a DataFrame is ambiguous. Use a.empty, a.bool(), a.item(), a.any() or a.all().
2025-11-09 16:22:54,379 - WARNING - Error generating signal for Mean Reversion on LINKUSDT: The truth value of a DataFrame is ambiguous. Use a.empty, a.bool(), a.item(), a.any() or a.all().
2025-11-09 16:22:54,382 - WARNING - Error generating signal for Momentum on LINKUSDT: The truth value of a DataFrame is ambiguous. Use a.empty, a.bool(), a.item(), a.any() or a.all().
2025-11-09 16:22:58,444 - WARNING - Error generating signal for Momentum on LINKUSDT: The truth value of a DataFrame is ambiguous. Use a.empty, a.bool(), a.item(), a.any() or a.all().
2025-11-09 16:23:00,461 - WARNING - Error generating signal for Momentum on ADAUSDT: The truth value of a DataFrame is ambiguous. Use a.empty, a.bool(), a.item(), a.any() or a.all().
2025-11-09 16:23:00,471 - WARNING - Error generating signal for Momentum on DOTUSDT: The truth value of a DataFrame is ambiguous. Use a.empty, a.bool(), a.item(), a.any() or a.all().
2025-11-09 16:23:00,477 - INFO - STATUS: $10,000.00 | P&L: $+0.00 (+0.0%) | Positions: 0 | Trades: 0 | .1f
2025-11-09 16:23:02,503 - WARNING - Error generating signal for Momentum on DOTUSDT: The truth value of a DataFrame is ambiguous. Use a.empty, a.bool(), a.item(), a.any() or a.all().
2025-11-09 16:23:02,509 - INFO - STATUS: $10,000.00 | P&L: $+0.00 (+0.0%) | Positions: 0 | Trades: 0 | .1f
2025-11-09 16:23:04,527 - WARNING - Error generating signal for Momentum on ADAUSDT: The truth value of a DataFrame is ambiguous. Use a.empty, a.bool(), a.item(), a.any() or a.all().
2025-11-09 16:23:04,531 - WARNING - Error generating signal for Moving Average on DOTUSDT: The truth value of a DataFrame is ambiguous. Use a.empty, a.bool(), a.item(), a.any() or a.all().
2025-11-09 16:23:04,543 - WARNING - Error generating signal for Momentum on LINKUSDT: The truth value of a DataFrame is ambiguous. Use a.empty, a.bool(), a.item(), a.any() or a.all().
2025-11-09 16:23:04,544 - INFO - STATUS: $10,000.00 | P&L: $+0.00 (+0.0%) | Positions: 0 | Trades: 0 | .1f
2025-11-09 16:23:06,563 - WARNING - Error generating signal for Momentum on ADAUSDT: The truth value of a DataFrame is ambiguous. Use a.empty, a.bool(), a.item(), a.any() or a.all().
2025-11-09 16:23:06,577 - WARNING - Error generating signal for Momentum on LINKUSDT: The truth value of a DataFrame is ambiguous. Use a.empty, a.bool(), a.item(), a.any() or a.all().
2025-11-09 16:23:08,608 - WARNING - Error generating signal for Momentum on LINKUSDT: The truth value of a DataFrame is ambiguous. Use a.empty, a.bool(), a.item(), a.any() or a.all().
2025-11-09 16:23:10,623 - WARNING - Error generating signal for Momentum on ETHUSDT: The truth value of a DataFrame is ambiguous. Use a.empty, a.bool(), a.item(), a.any() or a.all().
2025-11-09 16:23:10,642 - WARNING - Error generating signal for Momentum on LINKUSDT: The truth value of a DataFrame is ambiguous. Use a.empty, a.bool(), a.item(), a.any() or a.all().
2025-11-09 16:23:12,673 - WARNING - Error generating signal for Momentum on LINKUSDT: The truth value of a DataFrame is ambiguous. Use a.empty, a.bool(), a.item(), a.any() or a.all().
2025-11-09 16:23:16,722 - WARNING - Error generating signal for Momentum on ADAUSDT: The truth value of a DataFrame is ambiguous. Use a.empty, a.bool(), a.item(), a.any() or a.all().
2025-11-09 16:23:16,735 - WARNING - Error generating signal for Momentum on LINKUSDT: The truth value of a DataFrame is ambiguous. Use a.empty, a.bool(), a.item(), a.any() or a.all().
2025-11-09 16:23:18,753 - WARNING - Error generating signal for Mean Reversion on ADAUSDT: The truth value of a DataFrame is ambiguous. Use a.empty, a.bool(), a.item(), a.any() or a.all().
2025-11-09 16:23:18,755 - WARNING - Error generating signal for Momentum on ADAUSDT: The truth value of a DataFrame is ambiguous. Use a.empty, a.bool(), a.item(), a.any() or a.all().
2025-11-09 16:23:18,769 - WARNING - Error generating signal for Momentum on LINKUSDT: The truth value of a DataFrame is ambiguous. Use a.empty, a.bool(), a.item(), a.any() or a.all().
2025-11-09 16:23:20,788 - WARNING - Error generating signal for Momentum on ADAUSDT: The truth value of a DataFrame is ambiguous. Use a.empty, a.bool(), a.item(), a.any() or a.all().
2025-11-09 16:23:20,800 - WARNING - Error generating signal for Momentum on LINKUSDT: The truth value of a DataFrame is ambiguous. Use a.empty, a.bool(), a.item(), a.any() or a.all().
2025-11-09 16:23:22,809 - WARNING - Error generating signal for Moving Average on BTCUSDT: The truth value of a DataFrame is ambiguous. Use a.empty, a.bool(), a.item(), a.any() or a.all().
2025-11-09 16:23:22,844 - WARNING - Error generating signal for Mean Reversion on ADAUSDT: The truth value of a DataFrame is ambiguous. Use a.empty, a.bool(), a.item(), a.any() or a.all().
2025-11-09 16:23:22,854 - WARNING - Error generating signal for Momentum on ADAUSDT: The truth value of a DataFrame is ambiguous. Use a.empty, a.bool(), a.item(), a.any() or a.all().
2025-11-09 16:23:22,890 - WARNING - Error generating signal for Momentum on LINKUSDT: The truth value of a DataFrame is ambiguous. Use a.empty, a.bool(), a.item(), a.any() or a.all().
2025-11-09 16:23:26,925 - WARNING - Error generating signal for Moving Average on BTCUSDT: The truth value of a DataFrame is ambiguous. Use a.empty, a.bool(), a.item(), a.any() or a.all().
2025-11-09 16:23:26,928 - WARNING - Error generating signal for Mean Reversion on BTCUSDT: The truth value of a DataFrame is ambiguous. Use a.empty, a.bool(), a.item(), a.any() or a.all().
2025-11-09 16:23:28,975 - WARNING - Error generating signal for Momentum on ADAUSDT: The truth value of a DataFrame is ambiguous. Use a.empty, a.bool(), a.item(), a.any() or a.all().
2025-11-09 16:23:28,989 - WARNING - Error generating signal for Momentum on LINKUSDT: The truth value of a DataFrame is ambiguous. Use a.empty, a.bool(), a.item(), a.any() or a.all().
2025-11-09 16:23:31,008 - WARNING - Error generating signal for Momentum on ADAUSDT: The truth value of a DataFrame is ambiguous. Use a.empty, a.bool(), a.item(), a.any() or a.all().
2025-11-09 16:23:33,038 - WARNING - Error generating signal for Momentum on ADAUSDT: The truth value of a DataFrame is ambiguous. Use a.empty, a.bool(), a.item(), a.any() or a.all().
2025-11-09 16:23:35,100 - WARNING - Error generating signal for Mean Reversion on ADAUSDT: The truth value of a DataFrame is ambiguous. Use a.empty, a.bool(), a.item(), a.any() or a.all().
2025-11-09 16:23:35,103 - WARNING - Error generating signal for Momentum on ADAUSDT: The truth value of a DataFrame is ambiguous. Use a.empty, a.bool(), a.item(), a.any() or a.all().
2025-11-09 16:23:37,138 - WARNING - Error generating signal for Momentum on ADAUSDT: The truth value of a DataFrame is ambiguous. Use a.empty, a.bool(), a.item(), a.any() or a.all().
2025-11-09 16:23:37,150 - WARNING - Error generating signal for Mean Reversion on LINKUSDT: The truth value of a DataFrame is ambiguous. Use a.empty, a.bool(), a.item(), a.any() or a.all().
2025-11-09 16:23:37,153 - WARNING - Error generating signal for Momentum on LINKUSDT: The truth value of a DataFrame is ambiguous. Use a.empty, a.bool(), a.item(), a.any() or a.all().
2025-11-09 16:23:39,185 - WARNING - Error generating signal for Momentum on LINKUSDT: The truth value of a DataFrame is ambiguous. Use a.empty, a.bool(), a.item(), a.any() or a.all().
2025-11-09 16:23:45,252 - WARNING - Error generating signal for Mean Reversion on BTCUSDT: The truth value of a DataFrame is ambiguous. Use a.empty, a.bool(), a.item(), a.any() or a.all().
2025-11-09 16:23:45,274 - WARNING - Error generating signal for Moving Average on DOTUSDT: The truth value of a DataFrame is ambiguous. Use a.empty, a.bool(), a.item(), a.any() or a.all().
2025-11-09 16:23:45,281 - WARNING - Error generating signal for Mean Reversion on DOTUSDT: The truth value of a DataFrame is ambiguous. Use a.empty, a.bool(), a.item(), a.any() or a.all().
2025-11-09 16:23:45,286 - WARNING - Error generating signal for Momentum on DOTUSDT: The truth value of a DataFrame is ambiguous. Use a.empty, a.bool(), a.item(), a.any() or a.all().
2025-11-09 16:23:45,297 - WARNING - Error generating signal for Momentum on LINKUSDT: The truth value of a DataFrame is ambiguous. Use a.empty, a.bool(), a.item(), a.any() or a.all().
2025-11-09 16:23:47,314 - WARNING - Error generating signal for Moving Average on ETHUSDT: The truth value of a DataFrame is ambiguous. Use a.empty, a.bool(), a.item(), a.any() or a.all().
2025-11-09 16:23:47,335 - WARNING - Error generating signal for Mean Reversion on DOTUSDT: The truth value of a DataFrame is ambiguous. Use a.empty, a.bool(), a.item(), a.any() or a.all().
2025-11-09 16:23:47,339 - WARNING - Error generating signal for Momentum on DOTUSDT: The truth value of a DataFrame is ambiguous. Use a.empty, a.bool(), a.item(), a.any() or a.all().
2025-11-09 16:23:47,356 - WARNING - Error generating signal for Momentum on LINKUSDT: The truth value of a DataFrame is ambiguous. Use a.empty, a.bool(), a.item(), a.any() or a.all().
2025-11-09 16:23:49,369 - WARNING - Error generating signal for Mean Reversion on BTCUSDT: The truth value of a DataFrame is ambiguous. Use a.empty, a.bool(), a.item(), a.any() or a.all().
2025-11-09 16:23:51,474 - WARNING - Error generating signal for Mean Reversion on DOTUSDT: The truth value of a DataFrame is ambiguous. Use a.empty, a.bool(), a.item(), a.any() or a.all().
2025-11-09 16:23:51,485 - WARNING - Error generating signal for Momentum on DOTUSDT: The truth value of a DataFrame is ambiguous. Use a.empty, a.bool(), a.item(), a.any() or a.all().
2025-11-09 16:23:51,506 - WARNING - Error generating signal for Momentum on LINKUSDT: The truth value of a DataFrame is ambiguous. Use a.empty, a.bool(), a.item(), a.any() or a.all().
2025-11-09 16:23:53,523 - WARNING - Error generating signal for Momentum on ETHUSDT: The truth value of a DataFrame is ambiguous. Use a.empty, a.bool(), a.item(), a.any() or a.all().
2025-11-09 16:23:53,535 - WARNING - Error generating signal for Mean Reversion on DOTUSDT: The truth value of a DataFrame is ambiguous. Use a.empty, a.bool(), a.item(), a.any() or a.all().
2025-11-09 16:23:53,538 - WARNING - Error generating signal for Momentum on DOTUSDT: The truth value of a DataFrame is ambiguous. Use a.empty, a.bool(), a.item(), a.any() or a.all().
2025-11-09 16:23:53,550 - WARNING - Error generating signal for Momentum on LINKUSDT: The truth value of a DataFrame is ambiguous. Use a.empty, a.bool(), a.item(), a.any() or a.all().
2025-11-09 16:23:55,565 - WARNING - Error generating signal for Momentum on ETHUSDT: The truth value of a DataFrame is ambiguous. Use a.empty, a.bool(), a.item(), a.any() or a.all().
2025-11-09 16:23:55,576 - WARNING - Error generating signal for Mean Reversion on DOTUSDT: The truth value of a DataFrame is ambiguous. Use a.empty, a.bool(), a.item(), a.any() or a.all().
2025-11-09 16:23:55,583 - WARNING - Error generating signal for Momentum on DOTUSDT: The truth value of a DataFrame is ambiguous. Use a.empty, a.bool(), a.item(), a.any() or a.all().
2025-11-09 16:23:55,590 - WARNING - Error generating signal for Momentum on LINKUSDT: The truth value of a DataFrame is ambiguous. Use a.empty, a.bool(), a.item(), a.any() or a.all().
2025-11-09 16:23:57,603 - WARNING - Error generating signal for Momentum on BTCUSDT: The truth value of a DataFrame is ambiguous. Use a.empty, a.bool(), a.item(), a.any() or a.all().
2025-11-09 16:23:57,636 - WARNING - Error generating signal for Mean Reversion on LINKUSDT: The truth value of a DataFrame is ambiguous. Use a.empty, a.bool(), a.item(), a.any() or a.all().
2025-11-09 16:23:57,640 - WARNING - Error generating signal for Momentum on LINKUSDT: The truth value of a DataFrame is ambiguous. Use a.empty, a.bool(), a.item(), a.any() or a.all().
2025-11-09 16:23:58,671 - INFO - Received signal 2, initiating graceful shutdown...
2025-11-09 16:23:58,672 - INFO - Stopping paper trading...
2025-11-09 16:23:58,673 - INFO - ============================================================
2025-11-09 16:23:58,674 - INFO - FINAL PAPER TRADING REPORT
2025-11-09 16:23:58,679 - INFO - ============================================================
2025-11-09 16:23:58,700 - INFO - Duration: 0:04:04.963463
2025-11-09 16:23:58,703 - INFO - Start: 2025-11-09 16:19:53.717999
2025-11-09 16:23:58,714 - INFO - End: 2025-11-09 16:23:58.681462
2025-11-09 16:23:58,715 - INFO - 
2025-11-09 16:23:58,715 - INFO - PERFORMANCE:
2025-11-09 16:23:58,718 - INFO - Initial Capital: $10,000.00
2025-11-09 16:23:58,720 - INFO - Final Value: $10,000.00
2025-11-09 16:23:58,722 - INFO - Total P&L: $+0.00
2025-11-09 16:23:58,723 - INFO - Total Return: +0.0%
2025-11-09 16:23:58,724 - INFO - 
2025-11-09 16:23:58,728 - INFO - TRADING STATISTICS:
2025-11-09 16:23:58,728 - INFO - Total Trades: 0
2025-11-09 16:23:58,728 - INFO - Winning Trades: 0
2025-11-09 16:23:58,729 - INFO - Win Rate: 0.0%
2025-11-09 16:23:58,729 - INFO - 
2025-11-09 16:23:58,729 - INFO - RISK METRICS:
2025-11-09 16:23:58,729 - INFO - Volatility: 0.0%
2025-11-09 16:23:58,730 - INFO - Sharpe Ratio: 0.00
2025-11-09 16:23:58,730 - INFO - Max Drawdown: 0.0%
2025-11-09 16:23:58,730 - INFO - 
2025-11-09 16:23:58,730 - INFO - STRATEGY PERFORMANCE:
2025-11-09 16:23:58,771 - INFO - 
2025-11-09 16:23:58,774 - INFO - Report saved: reports\simple_paper_trading_report_20251109_162358.json
2025-11-09 16:23:58,775 - INFO - ============================================================
2025-11-09 16:23:58,777 - INFO - NEUTRAL: Paper trading completed - review strategy parameters
2025-11-09 16:23:58,780 - INFO - Paper trading stopped successfully
2025-11-09 16:23:59,659 - INFO - Trading duration completed
